<?xml version="1.0" encoding="UTF-8"?>
<testsuite name="QRD-SDK Validation" tests="15" failures="11" skipped="1" time="19.404">
  <testcase classname="validation" name="fmt" time="0.324">
    <failure message="command failed">[2026-05-11 14:31:38] [0;36m[STEP][0m Running cargo fmt --check /workspaces/QRD-SDK/scripts/checks/fmt.sh: line 20: get_timestamp: command not found Diff in /workspaces/QRD-SDK/core/qrd-core/src/encoding/dictionary_rle.rs:245: let expected: Vec<Vec<u8>> = values.iter().map(|&v| v.to_le_bytes().to_vec()).collect(); assert_eq!(result, expected); } [31m- (B[m } Diff in /workspaces/QRD-SDK/core/qrd-core/src/encoding/mod.rs:319: fn test_invalid_encoding_id_rejection() { let result = EncodingType::from_id(255); assert!(result.is_err()); [31m- (B[m[32m+ (B[m let result2 = EncodingType::from_id(99); assert!(result2.is_err()); } Diff in /workspaces/QRD-SDK/core/qrd-core/src/encoding/mod.rs:330: assert_eq!(format!("{}", EncodingType::Rle), "RLE"); assert_eq!(format!("{}", EncodingType::BitPacked), "BIT_PACKED"); assert_eq!(format!("{}", EncodingType::DeltaBinary), "DELTA_BINARY"); [31m- assert_eq!(format!("{}", EncodingType::DeltaByteArray), "DELTA_BYTE_ARRAY"); (B[m[31m- assert_eq!(format!("{}", EncodingType::ByteStreamSplit), "BYTE_STREAM_SPLIT"); (B[m[32m+ assert_eq!( (B[m[32m+ format!("{}", EncodingType::DeltaByteArray), (B[m[32m+ "DELTA_BYTE_ARRAY" (B[m[32m+ ); (B[m[32m+ assert_eq!( (B[m[32m+ format!("{}", EncodingType::ByteStreamSplit), (B[m[32m+ "BYTE_STREAM_SPLIT" (B[m[32m+ ); (B[m assert_eq!(format!("{}", EncodingType::DictionaryRle), "DICTIONARY_RLE"); assert_eq!(format!("{}", EncodingType::Passthrough), "PASSTHROUGH"); } Diff in /workspaces/QRD-SDK/core/qrd-core/src/encoding/mod.rs:340: fn test_passthrough_encoder_identity() { let encoder = PassthroughEncoder::new(); let data = vec![1, 2, 3, 4, 5, 6, 7, 8]; [31m- (B[m[32m+ (B[m let encoded = encoder.encode(&data).unwrap(); assert_eq!(encoded, data); [31m- (B[m[32m+ (B[m let decoded = encoder.decode(&encoded, data.len()).unwrap(); assert_eq!(decoded, data); } Diff in /workspaces/QRD-SDK/core/qrd-core/src/encoding/mod.rs:352: fn test_passthrough_encoder_empty_data() { let encoder = PassthroughEncoder::new(); let data = vec![]; [31m- (B[m[32m+ (B[m let encoded = encoder.encode(&data).unwrap(); assert_eq!(encoded.len(), 0); [31m- (B[m[32m+ (B[m let decoded = encoder.decode(&encoded, 0).unwrap(); assert_eq!(decoded.len(), 0); } Diff in /workspaces/QRD-SDK/core/qrd-core/src/encoding/mod.rs:364: fn test_passthrough_encoder_large_data() { let encoder = PassthroughEncoder::new(); let data: Vec<u8> = (0..10000).map(|i| (i % 256) as u8).collect(); [31m- (B[m[32m+ (B[m let encoded = encoder.encode(&data).unwrap(); assert_eq!(encoded.len(), data.len()); assert_eq!(encoded, data); Diff in /workspaces/QRD-SDK/core/qrd-core/src/encoding/mod.rs:373: #[test] fn test_encoding_type_all_valid_ids() { let valid_ids = vec![0, 1, 2, 3, 4, 5, 6, 7]; [31m- (B[m[32m+ (B[m for id in valid_ids { let encoding = EncodingType::from_id(id); assert!(encoding.is_ok()); Diff in /workspaces/QRD-SDK/core/qrd-core/src/encoding/mod.rs:380: [31m- (B[m[32m+ (B[m let enc = encoding.unwrap(); assert_eq!(enc.to_id(), id); } Diff in /workspaces/QRD-SDK/core/qrd-core/src/encoding/mod.rs:399: b"banana".to_vec(), b"banana".to_vec(), ]; [31m- (B[m[32m+ (B[m let mut encoded = Vec::new(); for item in data { encoded.extend_from_slice(&(item.len() as u32).to_le_bytes()); Diff in /workspaces/QRD-SDK/core/qrd-core/src/encoding/mod.rs:406: encoded.extend_from_slice(&item); } [31m- (B[m[32m+ (B[m assert!(is_low_cardinality(&encoded, 5)); } Diff in /workspaces/QRD-SDK/core/qrd-core/src/encoding/mod.rs:412: #[test] fn test_low_cardinality_detection_false() { [31m- let data: Vec<Vec<u8>> = (0..100).map(|i| format!("value_{}", i).into_bytes()).collect(); (B[m[31m- (B[m[32m+ let data: Vec<Vec<u8>> = (0..100) (B[m[32m+ .map(|i| format!("value_{}", i).into_bytes()) (B[m[32m+ .collect(); (B[m[32m+ (B[m let mut encoded = Vec::new(); for item in data { encoded.extend_from_slice(&(item.len() as u32).to_le_bytes()); Diff in /workspaces/QRD-SDK/core/qrd-core/src/encoding/mod.rs:419: encoded.extend_from_slice(&item); } [31m- (B[m[32m+ (B[m assert!(!is_low_cardinality(&encoded, 5)); } Diff in /workspaces/QRD-SDK/core/qrd-core/src/encoding/mod.rs:429: for v in values { data.extend_from_slice(&v.to_le_bytes()); } [31m- (B[m[31m- assert!(is_low_cardinality_integers(&crate::schema::FieldType::Int64, &data, 5)); (B[m[32m+ (B[m[32m+ assert!(is_low_cardinality_integers( (B[m[32m+ &crate::schema::FieldType::Int64, (B[m[32m+ &data, (B[m[32m+ 5 (B[m[32m+ )); (B[m } #[test] Diff in /workspaces/QRD-SDK/core/qrd-core/src/encoding/mod.rs:440: for v in values { data.extend_from_slice(&v.to_le_bytes()); } [31m- (B[m[31m- assert!(!is_low_cardinality_integers(&crate::schema::FieldType::Int64, &data, 5)); (B[m[32m+ (B[m[32m+ assert!(!is_low_cardinality_integers( (B[m[32m+ &crate::schema::FieldType::Int64, (B[m[32m+ &data, (B[m[32m+ 5 (B[m[32m+ )); (B[m } #[test] Diff in /workspaces/QRD-SDK/core/qrd-core/src/encoding/mod.rs:469: fn test_passthrough_encoder_deterministic() { let encoder = PassthroughEncoder::new(); let data = b"deterministic_test".to_vec(); [31m- (B[m[32m+ (B[m let encoded1 = encoder.encode(&data).unwrap(); let encoded2 = encoder.encode(&data).unwrap(); [31m- (B[m[32m+ (B[m assert_eq!(encoded1, encoded2); } Diff in /workspaces/QRD-SDK/core/qrd-core/src/encoding/mod.rs:484: #[test] fn test_low_cardinality_integers_empty_input() { let empty: Vec<u8> = vec![]; [31m- assert!(is_low_cardinality_integers(&crate::schema::FieldType::Int64, &empty, 10)); (B[m[32m+ assert!(is_low_cardinality_integers( (B[m[32m+ &crate::schema::FieldType::Int64, (B[m[32m+ &empty, (B[m[32m+ 10 (B[m[32m+ )); (B[m } #[test] Diff in /workspaces/QRD-SDK/core/qrd-core/src/encoding/mod.rs:496: #[test] fn test_low_cardinality_integers_invalid_size() { let data = vec![1, 2, 3]; // Not divisible by 8 (i64 size) [31m- assert!(!is_low_cardinality_integers(&crate::schema::FieldType::Int64, &data, 5)); (B[m[32m+ assert!(!is_low_cardinality_integers( (B[m[32m+ &crate::schema::FieldType::Int64, (B[m[32m+ &data, (B[m[32m+ 5 (B[m[32m+ )); (B[m } // Additional enterprise-grade tests Diff in /workspaces/QRD-SDK/core/qrd-core/src/encoding/mod.rs:506: let data = vec![0u8; 1000]; // High cardinality but compressible let encoding = select_encoding(&crate::schema::FieldType::Int64, &data); // Should not crash, should select some valid encoding [31m- assert!(matches!(encoding, EncodingType::Plain | EncodingType::Rle | EncodingType::BitPacked | EncodingType::DeltaBinary | EncodingType::DictionaryRle)); (B[m[32m+ assert!(matches!( (B[m[32m+ encoding, (B[m[32m+ EncodingType::Plain (B[m[32m+ | EncodingType::Rle (B[m[32m+ | EncodingType::BitPacked (B[m[32m+ | EncodingType::DeltaBinary (B[m[32m+ | EncodingType::DictionaryRle (B[m[32m+ )); (B[m } #[test] Diff in /workspaces/QRD-SDK/core/qrd-core/src/encoding/mod.rs:522: let invalid_id = 99; let result = EncodingType::from_id(invalid_id); assert!(result.is_err()); [31m- assert!(matches!(result.unwrap_err(), crate::error::Error::EncodingError(_))); (B[m[32m+ assert!(matches!( (B[m[32m+ result.unwrap_err(), (B[m[32m+ crate::error::Error::EncodingError(_) (B[m[32m+ )); (B[m } #[test] Diff in /workspaces/QRD-SDK/core/qrd-core/src/encoding/mod.rs:529: fn test_encoding_deterministic_selection() { [31m- let data = vec![1i64.to_le_bytes().to_vec(), 2i64.to_le_bytes().to_vec(), 1i64.to_le_bytes().to_vec()]; (B[m[32m+ let data = vec![ (B[m[32m+ 1i64.to_le_bytes().to_vec(), (B[m[32m+ 2i64.to_le_bytes().to_vec(), (B[m[32m+ 1i64.to_le_bytes().to_vec(), (B[m[32m+ ]; (B[m let mut encoded = Vec::new(); for item in &data { encoded.extend_from_slice(&(item.len() as u32).to_le_bytes()); Diff in /workspaces/QRD-SDK/core/qrd-core/src/encoding/mod.rs:534: encoded.extend_from_slice(item); } [31m- (B[m[32m+ (B[m let enc1 = select_encoding(&crate::schema::FieldType::Int64, &encoded); let enc2 = select_encoding(&crate::schema::FieldType::Int64, &encoded); assert_eq!(enc1, enc2); Diff in /workspaces/QRD-SDK/core/qrd-core/src/encoding/mod.rs:544: // Test that encoding roundtrip preserves data let data = b"test data for roundtrip"; let encoder = PassthroughEncoder::new(); [31m- (B[m[32m+ (B[m let encoded = encoder.encode(data).unwrap(); let decoded = encoder.decode(&encoded, data.len()).unwrap(); assert_eq!(decoded, data); Diff in /workspaces/QRD-SDK/core/qrd-core/src/encoding/mod.rs:555: // Test encoding selection with mixed types (though QRD is columnar) let string_data = b"string data"; let enc = select_encoding(&crate::schema::FieldType::String, string_data); [31m- assert!(matches!(enc, EncodingType::Plain | EncodingType::DictionaryRle)); (B[m[32m+ assert!(matches!( (B[m[32m+ enc, (B[m[32m+ EncodingType::Plain | EncodingType::DictionaryRle (B[m[32m+ )); (B[m } #[test] Diff in /workspaces/QRD-SDK/core/qrd-core/src/encoding/mod.rs:562: fn test_edge_case_cardinality() { // Test with exactly threshold cardinality let mut data = Vec::new(); [31m- for i in 0..10 { // Exactly threshold (B[m[32m+ for i in 0..10 { (B[m[32m+ // Exactly threshold (B[m let val = format!("value_{}", i).into_bytes(); data.extend_from_slice(&(val.len() as u32).to_le_bytes()); data.extend_from_slice(&val); Diff in /workspaces/QRD-SDK/core/qrd-core/src/encoding/mod.rs:569: } [31m- (B[m[32m+ (B[m let enc = select_encoding(&crate::schema::FieldType::String, &data); // Should handle boundary case without panic [31m- assert!(matches!(enc, EncodingType::Plain | EncodingType::DictionaryRle)); (B[m[32m+ assert!(matches!( (B[m[32m+ enc, (B[m[32m+ EncodingType::Plain | EncodingType::DictionaryRle (B[m[32m+ )); (B[m } #[test] Diff in /workspaces/QRD-SDK/core/qrd-core/src/encoding/mod.rs:578: let empty: Vec<u8> = vec![]; let enc = select_encoding(&crate::schema::FieldType::Int64, &empty); // Should not crash on empty input [31m- assert!(matches!(enc, EncodingType::Plain | EncodingType::Rle | EncodingType::BitPacked | EncodingType::DeltaBinary | EncodingType::DictionaryRle)); (B[m[32m+ assert!(matches!( (B[m[32m+ enc, (B[m[32m+ EncodingType::Plain (B[m[32m+ | EncodingType::Rle (B[m[32m+ | EncodingType::BitPacked (B[m[32m+ | EncodingType::DeltaBinary (B[m[32m+ | EncodingType::DictionaryRle (B[m[32m+ )); (B[m } #[test] Diff in /workspaces/QRD-SDK/core/qrd-core/src/encoding/mod.rs:586: // Test that malformed payloads don't cause undefined behavior let malformed = vec![0xFF, 0xFF, 0xFF, 0xFF]; // Invalid data let encoder = PassthroughEncoder::new(); [31m- (B[m[32m+ (B[m // Should handle gracefully let result = encoder.decode(&malformed, 4); assert!(result.is_ok()); // Passthrough just returns the data Diff in /workspaces/QRD-SDK/core/qrd-core/src/error.rs:136: fn test_error_io_conversion() { let io_error = std::io::Error::new(std::io::ErrorKind::NotFound, "file not found"); let qrd_error: Error = io_error.into(); [31m- (B[m[32m+ (B[m assert!(matches!(qrd_error, Error::Io(_))); } Diff in /workspaces/QRD-SDK/core/qrd-core/src/error.rs:149: #[test] fn test_error_display_unsupported_version() { [31m- let error = Error::UnsupportedVersion { major: 99, minor: 1 }; (B[m[32m+ let error = Error::UnsupportedVersion { (B[m[32m+ major: 99, (B[m[32m+ minor: 1, (B[m[32m+ }; (B[m let message = format!("{}", error); assert!(message.contains("99.1")); } Diff in /workspaces/QRD-SDK/core/qrd-core/src/error.rs:348: fn test_error_deterministic_display() { let error1 = Error::InvalidData("test".to_string()); let error2 = Error::InvalidData("test".to_string()); [31m- (B[m[32m+ (B[m let msg1 = format!("{}", error1); let msg2 = format!("{}", error2); [31m- (B[m[32m+ (B[m assert_eq!(msg1, msg2); } Diff in /workspaces/QRD-SDK/core/qrd-core/src/error.rs:360: // Verify that different error variants are distinct let e1 = Error::InvalidMagic; let e2 = Error::AlreadyClosed; [31m- (B[m[32m+ (B[m let s1 = format!("{:?}", e1); let s2 = format!("{:?}", e2); [31m- (B[m[32m+ (B[m assert_ne!(s1, s2); } Diff in /workspaces/QRD-SDK/core/qrd-core/src/error.rs:373: expected: 0xFFFFFFFF, actual: 0x00000000, }; [31m- (B[m[32m+ (B[m let message = format!("{}", error); assert!(message.contains("CRC mismatch")); } Diff in /workspaces/QRD-SDK/core/qrd-core/src/error.rs:381: #[test] fn test_error_chain_compatibility() { let result: Result<()> = Err(Error::ValidationFailed("chain test".to_string())); [31m- (B[m[32m+ (B[m match result { Err(Error::ValidationFailed(msg)) => { assert_eq!(msg, "chain test"); Diff in /workspaces/QRD-SDK/core/qrd-core/src/error.rs:406: fn failing_function() -> Result<i32> { Err(Error::InvalidData("test error".to_string())) } [31m- (B[m[32m+ (B[m let result = failing_function(); assert!(result.is_err()); [31m- (B[m[32m+ (B[m if let Err(Error::InvalidData(msg)) = result { assert_eq!(msg, "test error"); } else { Diff in /workspaces/QRD-SDK/core/qrd-core/src/error.rs:429: #[test] fn test_nested_errors() { // Test handling of nested error conditions [31m- let result: Result<()> = Err(Error::CompressionError("nested compression error".to_string())); (B[m[32m+ let result: Result<()> = Err(Error::CompressionError( (B[m[32m+ "nested compression error".to_string(), (B[m[32m+ )); (B[m assert!(result.is_err()); [31m- (B[m[32m+ (B[m let error = result.unwrap_err(); let message = format!("{}", error); assert!(message.contains("Compression error")); Diff in /workspaces/QRD-SDK/core/qrd-core/src/footer/parser.rs:207: Ok(()) } [31m- (B[m } Diff in /workspaces/QRD-SDK/core/qrd-core/src/io/mod.rs:130: let data = vec![1, 2, 3, 4, 5]; let cursor = Cursor::new(data); let reader = BufferedReader::new(cursor, 1024); [31m- (B[m[32m+ (B[m assert_eq!(reader.buffer.capacity(), 1024); } Diff in /workspaces/QRD-SDK/core/qrd-core/src/io/mod.rs:139: let data = vec![1, 2, 3, 4, 5, 6, 7, 8]; let cursor = Cursor::new(data.clone()); let mut reader = BufferedReader::new(cursor, 4); [31m- (B[m[32m+ (B[m let bytes = reader.read_exact_bytes(3)?; assert_eq!(bytes, vec![1, 2, 3]); [31m- (B[m[32m+ (B[m let more_bytes = reader.read_exact_bytes(3)?; assert_eq!(more_bytes, vec![4, 5, 6]); [31m- (B[m[32m+ (B[m Ok(()) } Diff in /workspaces/QRD-SDK/core/qrd-core/src/io/mod.rs:154: let data = vec![1, 2, 3]; let cursor = Cursor::new(data); let mut reader = BufferedReader::new(cursor, 10); [31m- (B[m[32m+ (B[m let bytes = reader.read_exact_bytes(3)?; assert_eq!(bytes.len(), 3); [31m- (B[m[32m+ (B[m let more = reader.read_exact_bytes(1)?; assert_eq!(more.len(), 0); // EOF [31m- (B[m[32m+ (B[m Ok(()) } Diff in /workspaces/QRD-SDK/core/qrd-core/src/io/mod.rs:169: let data = vec![0, 1, 2, 3, 4, 5, 6, 7, 8, 9]; let cursor = Cursor::new(data); let mut reader = BufferedReader::new(cursor, 5); [31m- (B[m[32m+ (B[m reader.seek(5)?; let bytes = reader.read_exact_bytes(3)?; assert_eq!(bytes, vec![5, 6, 7]); Diff in /workspaces/QRD-SDK/core/qrd-core/src/io/mod.rs:176: [31m- (B[m[32m+ (B[m Ok(()) } Diff in /workspaces/QRD-SDK/core/qrd-core/src/io/mod.rs:182: let data = vec![1, 2, 3, 4, 5]; let cursor = Cursor::new(data); let mut reader = BufferedReader::new(cursor, 1024); [31m- (B[m[32m+ (B[m let pos = reader.position()?; assert_eq!(pos, 0); [31m- (B[m[32m+ (B[m reader.read_exact_bytes(2)?; let new_pos = reader.position()?; assert_eq!(new_pos, 2); Diff in /workspaces/QRD-SDK/core/qrd-core/src/io/mod.rs:192: [31m- (B[m[32m+ (B[m Ok(()) } Diff in /workspaces/QRD-SDK/core/qrd-core/src/io/mod.rs:197: fn test_buffered_writer_initialization() { let cursor = Cursor::new(Vec::new()); let writer = BufferedWriter::new(cursor, 1024); [31m- (B[m[32m+ (B[m assert_eq!(writer.buffer_size, 1024); assert_eq!(writer.buffer.len(), 0); } Diff in /workspaces/QRD-SDK/core/qrd-core/src/io/mod.rs:206: fn test_buffered_writer_write_bytes() -> Result<()> { let cursor = Cursor::new(Vec::new()); let mut writer = BufferedWriter::new(cursor, 10); [31m- (B[m[32m+ (B[m writer.write_bytes(&[1, 2, 3])?; assert_eq!(writer.buffer.len(), 3); [31m- (B[m[32m+ (B[m writer.write_bytes(&[4, 5])?; assert_eq!(writer.buffer.len(), 5); [31m- (B[m[32m+ (B[m Ok(()) } Diff in /workspaces/QRD-SDK/core/qrd-core/src/io/mod.rs:220: fn test_buffered_writer_flush() -> Result<()> { let cursor = Cursor::new(Vec::new()); let mut writer = BufferedWriter::new(cursor, 10); [31m- (B[m[32m+ (B[m writer.write_bytes(&[1, 2, 3])?; assert_eq!(writer.buffer.len(), 3); [31m- (B[m[32m+ (B[m writer.flush()?; assert_eq!(writer.buffer.len(), 0); [31m- (B[m[32m+ (B[m Ok(()) } Diff in /workspaces/QRD-SDK/core/qrd-core/src/io/mod.rs:234: fn test_buffered_writer_auto_flush() -> Result<()> { let cursor = Cursor::new(Vec::new()); let mut writer = BufferedWriter::new(cursor, 5); [31m- (B[m[32m+ (B[m writer.write_bytes(&[1, 2, 3])?; assert_eq!(writer.buffer.len(), 3); [31m- (B[m[32m+ (B[m // Writing more data than buffer size should trigger flush writer.write_bytes(&[4, 5, 6, 7])?; [31m- (B[m[32m+ (B[m Ok(()) } Diff in /workspaces/QRD-SDK/core/qrd-core/src/io/mod.rs:248: fn test_buffered_writer_finish() -> Result<()> { let cursor = Cursor::new(Vec::new()); let writer = BufferedWriter::new(cursor, 10); [31m- (B[m[32m+ (B[m writer.finish()?; // Should complete successfully Ok(()) Diff in /workspaces/QRD-SDK/core/qrd-core/src/io/mod.rs:277: let data: Vec<u8> = (0..1000).map(|i| (i % 256) as u8).collect(); let cursor = Cursor::new(data.clone()); let mut reader = BufferedReader::new(cursor, 64); [31m- (B[m[32m+ (B[m let bytes = reader.read_exact_bytes(500)?; assert_eq!(bytes.len(), 500); assert_eq!(bytes, &data[0..500]); Diff in /workspaces/QRD-SDK/core/qrd-core/src/io/mod.rs:284: [31m- (B[m[32m+ (B[m Ok(()) } Diff in /workspaces/QRD-SDK/core/qrd-core/src/io/mod.rs:289: fn test_buffered_writer_large_writes() -> Result<()> { let cursor = Cursor::new(Vec::new()); let mut writer = BufferedWriter::new(cursor, 64); [31m- (B[m[32m+ (B[m let data: Vec<u8> = (0..1000).map(|i| (i % 256) as u8).collect(); writer.write_bytes(&data)?; writer.flush()?; Diff in /workspaces/QRD-SDK/core/qrd-core/src/io/mod.rs:296: [31m- (B[m[32m+ (B[m assert_eq!(writer.inner.get_ref().len(), 1000); Ok(()) } Diff in /workspaces/QRD-SDK/core/qrd-core/src/io/mod.rs:303: let data: Vec<u8> = (0..100).collect(); let cursor = Cursor::new(data); let mut reader = BufferedReader::new(cursor, 10); [31m- (B[m[32m+ (B[m reader.seek(10)?; let bytes1 = reader.read_exact_bytes(5)?; [31m- (B[m[32m+ (B[m reader.seek(20)?; let bytes2 = reader.read_exact_bytes(5)?; [31m- (B[m[32m+ (B[m reader.seek(10)?; let bytes3 = reader.read_exact_bytes(5)?; [31m- (B[m[32m+ (B[m assert_eq!(bytes1, bytes3); Ok(()) } Diff in /workspaces/QRD-SDK/core/qrd-core/src/io/mod.rs:321: fn test_buffered_writer_empty_write() -> Result<()> { let cursor = Cursor::new(Vec::new()); let mut writer = BufferedWriter::new(cursor, 10); [31m- (B[m[32m+ (B[m writer.write_bytes(&[])?; assert_eq!(writer.buffer.len(), 0); [31m- (B[m[32m+ (B[m writer.flush()?; Ok(()) } Diff in /workspaces/QRD-SDK/core/qrd-core/src/io/mod.rs:331: [31m- (B[m } Diff in /workspaces/QRD-SDK/core/qrd-core/src/metadata/column_stats.rs:364: #[cfg(test)] mod tests { use super::*; [31m- use crate::schema::{SchemaBuilder, Nullability}; (B[m[32m+ use crate::schema::{Nullability, SchemaBuilder}; (B[m // ====== ColumnStats Tests ====== Diff in /workspaces/QRD-SDK/core/qrd-core/src/metadata/column_stats.rs:383: #[test] fn test_column_stats_update_with_values() { let mut stats = ColumnStats::new("numbers".to_string(), FieldType::Int64); [31m- (B[m[32m+ (B[m // Add values let value1 = 10i64.to_le_bytes().to_vec(); let value2 = 20i64.to_le_bytes().to_vec(); Diff in /workspaces/QRD-SDK/core/qrd-core/src/metadata/column_stats.rs:390: let value3 = 15i64.to_le_bytes().to_vec(); [31m- (B[m[32m+ (B[m stats.update(Some(&value1)); stats.update(Some(&value2)); stats.update(Some(&value3)); Diff in /workspaces/QRD-SDK/core/qrd-core/src/metadata/column_stats.rs:395: [31m- (B[m[32m+ (B[m assert_eq!(stats.total_count, 3); assert_eq!(stats.null_count, 0); assert_eq!(stats.distinct_count, 3); Diff in /workspaces/QRD-SDK/core/qrd-core/src/metadata/column_stats.rs:403: #[test] fn test_column_stats_update_with_nulls() { let mut stats = ColumnStats::new("nullable_col".to_string(), FieldType::String); [31m- (B[m[32m+ (B[m let val1 = b"hello".to_vec(); stats.update(Some(&val1)); stats.update(None); Diff in /workspaces/QRD-SDK/core/qrd-core/src/metadata/column_stats.rs:410: stats.update(None); let val2 = b"world".to_vec(); stats.update(Some(&val2)); [31m- (B[m[32m+ (B[m assert_eq!(stats.total_count, 4); assert_eq!(stats.null_count, 2); assert_eq!(stats.distinct_count, 2); Diff in /workspaces/QRD-SDK/core/qrd-core/src/metadata/column_stats.rs:419: #[test] fn test_column_stats_min_max_ordering() { let mut stats = ColumnStats::new("ordered".to_string(), FieldType::Int32); [31m- (B[m[32m+ (B[m // Insert in reverse order stats.update(Some(&[5, 0, 0, 0])); stats.update(Some(&[1, 0, 0, 0])); Diff in /workspaces/QRD-SDK/core/qrd-core/src/metadata/column_stats.rs:426: stats.update(Some(&[3, 0, 0, 0])); stats.update(Some(&[2, 0, 0, 0])); stats.update(Some(&[4, 0, 0, 0])); [31m- (B[m[32m+ (B[m assert_eq!(stats.min_value, Some(vec![1, 0, 0, 0])); assert_eq!(stats.max_value, Some(vec![5, 0, 0, 0])); } Diff in /workspaces/QRD-SDK/core/qrd-core/src/metadata/column_stats.rs:434: #[test] fn test_column_stats_all_nulls() { let mut stats = ColumnStats::new("all_nulls".to_string(), FieldType::Float64); [31m- (B[m[32m+ (B[m stats.update(None); stats.update(None); stats.update(None); Diff in /workspaces/QRD-SDK/core/qrd-core/src/metadata/column_stats.rs:441: [31m- (B[m[32m+ (B[m assert_eq!(stats.total_count, 3); assert_eq!(stats.null_count, 3); assert_eq!(stats.distinct_count, 0); Diff in /workspaces/QRD-SDK/core/qrd-core/src/metadata/column_stats.rs:450: fn test_filter_result_combine() { let result1 = FilterResult::MayPass.combine(FilterResult::MayPass); assert_eq!(result1, FilterResult::MayPass); [31m- (B[m[32m+ (B[m let result2 = FilterResult::MayPass.combine(FilterResult::MustNotPass); assert_eq!(result2, FilterResult::MustNotPass); [31m- (B[m[32m+ (B[m let result3 = FilterResult::MustNotPass.combine(FilterResult::MustNotPass); assert_eq!(result3, FilterResult::MustNotPass); } Diff in /workspaces/QRD-SDK/core/qrd-core/src/metadata/column_stats.rs:463: let mut stats = ColumnStats::new("col".to_string(), FieldType::Int64); stats.update(Some(&[1, 0, 0, 0, 0, 0, 0, 0])); stats.update(None); [31m- (B[m[32m+ (B[m let filter = ColumnFilter::IsNull; assert_eq!(stats.can_pass_filter(&filter), FilterResult::MayPass); [31m- (B[m[32m+ (B[m let mut stats_no_nulls = ColumnStats::new("col2".to_string(), FieldType::Int64); stats_no_nulls.update(Some(&[1, 0, 0, 0, 0, 0, 0, 0])); [31m- assert_eq!(stats_no_nulls.can_pass_filter(&filter), FilterResult::MustNotPass); (B[m[32m+ assert_eq!( (B[m[32m+ stats_no_nulls.can_pass_filter(&filter), (B[m[32m+ FilterResult::MustNotPass (B[m[32m+ ); (B[m } #[test] Diff in /workspaces/QRD-SDK/core/qrd-core/src/metadata/column_stats.rs:477: let mut stats = ColumnStats::new("col".to_string(), FieldType::Int64); stats.update(Some(&[1, 0, 0, 0, 0, 0, 0, 0])); stats.update(None); [31m- (B[m[32m+ (B[m let filter = ColumnFilter::IsNotNull; assert_eq!(stats.can_pass_filter(&filter), FilterResult::MayPass); [31m- (B[m[32m+ (B[m let mut stats_all_null = ColumnStats::new("col2".to_string(), FieldType::Int64); stats_all_null.update(None); [31m- assert_eq!(stats_all_null.can_pass_filter(&filter), FilterResult::MustNotPass); (B[m[32m+ assert_eq!( (B[m[32m+ stats_all_null.can_pass_filter(&filter), (B[m[32m+ FilterResult::MustNotPass (B[m[32m+ ); (B[m } #[test] Diff in /workspaces/QRD-SDK/core/qrd-core/src/metadata/column_stats.rs:492: let val = 50i64.to_le_bytes().to_vec(); stats.update(Some(&val)); stats.update(Some(&(100i64.to_le_bytes().to_vec()))); [31m- (B[m[32m+ (B[m // Value within range let filter = ColumnFilter::Equal(val.clone()); assert_eq!(stats.can_pass_filter(&filter), FilterResult::MayPass); Diff in /workspaces/QRD-SDK/core/qrd-core/src/metadata/column_stats.rs:499: [31m- (B[m[32m+ (B[m // Value outside range let filter_out = ColumnFilter::Equal(vec![255, 255, 255, 255, 255, 255, 255, 255]); [31m- assert_eq!(stats.can_pass_filter(&filter_out), FilterResult::MustNotPass); (B[m[32m+ assert_eq!( (B[m[32m+ stats.can_pass_filter(&filter_out), (B[m[32m+ FilterResult::MustNotPass (B[m[32m+ ); (B[m } #[test] Diff in /workspaces/QRD-SDK/core/qrd-core/src/metadata/column_stats.rs:507: let mut stats = ColumnStats::new("col".to_string(), FieldType::Int32); stats.update(Some(&[10, 0, 0, 0])); stats.update(Some(&[50, 0, 0, 0])); [31m- (B[m[32m+ (B[m let filter_pass = ColumnFilter::GreaterThan(vec![30, 0, 0, 0]); assert_eq!(stats.can_pass_filter(&filter_pass), FilterResult::MayPass); [31m- (B[m[32m+ (B[m let filter_fail = ColumnFilter::GreaterThan(vec![100, 0, 0, 0]); [31m- assert_eq!(stats.can_pass_filter(&filter_fail), FilterResult::MustNotPass); (B[m[32m+ assert_eq!( (B[m[32m+ stats.can_pass_filter(&filter_fail), (B[m[32m+ FilterResult::MustNotPass (B[m[32m+ ); (B[m } #[test] Diff in /workspaces/QRD-SDK/core/qrd-core/src/metadata/column_stats.rs:520: let mut stats = ColumnStats::new("col".to_string(), FieldType::Int32); stats.update(Some(&[10, 0, 0, 0])); stats.update(Some(&[50, 0, 0, 0])); [31m- (B[m[32m+ (B[m let filter_pass = ColumnFilter::LessThan(vec![30, 0, 0, 0]); assert_eq!(stats.can_pass_filter(&filter_pass), FilterResult::MayPass); [31m- (B[m[32m+ (B[m let filter_fail = ColumnFilter::LessThan(vec![5, 0, 0, 0]); [31m- assert_eq!(stats.can_pass_filter(&filter_fail), FilterResult::MustNotPass); (B[m[32m+ assert_eq!( (B[m[32m+ stats.can_pass_filter(&filter_fail), (B[m[32m+ FilterResult::MustNotPass (B[m[32m+ ); (B[m } #[test] Diff in /workspaces/QRD-SDK/core/qrd-core/src/metadata/column_stats.rs:533: let mut stats = ColumnStats::new("col".to_string(), FieldType::Int32); stats.update(Some(&[10, 0, 0, 0])); stats.update(Some(&[50, 0, 0, 0])); [31m- (B[m[32m+ (B[m let filter_pass = ColumnFilter::Between(vec![20, 0, 0, 0], vec![40, 0, 0, 0]); assert_eq!(stats.can_pass_filter(&filter_pass), FilterResult::MayPass); [31m- (B[m[32m+ (B[m let filter_fail = ColumnFilter::Between(vec![60, 0, 0, 0], vec![100, 0, 0, 0]); [31m- assert_eq!(stats.can_pass_filter(&filter_fail), FilterResult::MustNotPass); (B[m[32m+ assert_eq!( (B[m[32m+ stats.can_pass_filter(&filter_fail), (B[m[32m+ FilterResult::MustNotPass (B[m[32m+ ); (B[m } #[test] Diff in /workspaces/QRD-SDK/core/qrd-core/src/metadata/column_stats.rs:547: let val = 42i64.to_le_bytes().to_vec(); stats.update(Some(&val.clone())); stats.update(Some(&val.clone())); [31m- (B[m[32m+ (B[m let filter = ColumnFilter::NotEqual(val.clone()); assert_eq!(stats.can_pass_filter(&filter), FilterResult::MustNotPass); [31m- (B[m[32m+ (B[m let filter_pass = ColumnFilter::NotEqual(vec![99, 0, 0, 0, 0, 0, 0, 0]); assert_eq!(stats.can_pass_filter(&filter_pass), FilterResult::MayPass); } Diff in /workspaces/QRD-SDK/core/qrd-core/src/metadata/column_stats.rs:566: .unwrap() .build() .unwrap(); [31m- (B[m[32m+ (B[m let rg_stats = RowGroupStats::new(&schema); assert_eq!(rg_stats.column_stats.len(), 2); assert_eq!(rg_stats.row_count, 0); Diff in /workspaces/QRD-SDK/core/qrd-core/src/metadata/column_stats.rs:583: .unwrap() .build() .unwrap(); [31m- (B[m[32m+ (B[m let mut rg_stats = RowGroupStats::new(&schema); [31m- (B[m[32m+ (B[m let row = vec![ Some(10i64.to_le_bytes().to_vec()), Some(20i32.to_le_bytes().to_vec()), Diff in /workspaces/QRD-SDK/core/qrd-core/src/metadata/column_stats.rs:592: ]; [31m- (B[m[32m+ (B[m rg_stats.update_row(&row); assert_eq!(rg_stats.row_count, 1); assert_eq!(rg_stats.column_stats[0].total_count, 1); Diff in /workspaces/QRD-SDK/core/qrd-core/src/metadata/column_stats.rs:604: .unwrap() .build() .unwrap(); [31m- (B[m[32m+ (B[m let mut rg_stats = RowGroupStats::new(&schema); [31m- (B[m[32m+ (B[m rg_stats.update_row(&vec![Some(10i64.to_le_bytes().to_vec())]); rg_stats.update_row(&vec![None]); rg_stats.update_row(&vec![Some(20i64.to_le_bytes().to_vec())]); Diff in /workspaces/QRD-SDK/core/qrd-core/src/metadata/column_stats.rs:613: [31m- (B[m[32m+ (B[m assert_eq!(rg_stats.row_count, 3); assert_eq!(rg_stats.column_stats[0].null_count, 1); assert_eq!(rg_stats.column_stats[0].total_count, 3); Diff in /workspaces/QRD-SDK/core/qrd-core/src/metadata/column_stats.rs:623: .unwrap() .build() .unwrap(); [31m- (B[m[32m+ (B[m let mut rg_stats = RowGroupStats::new(&schema); rg_stats.update_row(&vec![Some(b"active".to_vec())]); rg_stats.update_row(&vec![Some(b"inactive".to_vec())]); Diff in /workspaces/QRD-SDK/core/qrd-core/src/metadata/column_stats.rs:630: [31m- (B[m[32m+ (B[m let filters = vec![ColumnFilterSpec { column_index: 0, filter: ColumnFilter::IsNotNull, Diff in /workspaces/QRD-SDK/core/qrd-core/src/metadata/column_stats.rs:634: }]; [31m- (B[m[32m+ (B[m assert_eq!(rg_stats.can_pass_filters(&filters), FilterResult::MayPass); } Diff in /workspaces/QRD-SDK/core/qrd-core/src/metadata/column_stats.rs:643: .unwrap() .build() .unwrap(); [31m- (B[m[32m+ (B[m let mut rg_stats = RowGroupStats::new(&schema); rg_stats.update_row(&vec![Some(100i64.to_le_bytes().to_vec())]); rg_stats.update_row(&vec![Some(200i64.to_le_bytes().to_vec())]); Diff in /workspaces/QRD-SDK/core/qrd-core/src/metadata/column_stats.rs:650: [31m- (B[m[32m+ (B[m let filters = vec![ColumnFilterSpec { column_index: 0, filter: ColumnFilter::LessThan(vec![50, 0, 0, 0, 0, 0, 0, 0]), Diff in /workspaces/QRD-SDK/core/qrd-core/src/metadata/column_stats.rs:654: }]; [31m- (B[m[31m- assert_eq!(rg_stats.can_pass_filters(&filters), FilterResult::MustNotPass); (B[m[32m+ (B[m[32m+ assert_eq!( (B[m[32m+ rg_stats.can_pass_filters(&filters), (B[m[32m+ FilterResult::MustNotPass (B[m[32m+ ); (B[m } // ====== QueryOptimizer Tests ====== Diff in /workspaces/QRD-SDK/core/qrd-core/src/metadata/column_stats.rs:665: .unwrap() .build() .unwrap(); [31m- (B[m[32m+ (B[m let optimizer = QueryOptimizer::new(schema.clone()); assert_eq!(optimizer.schema.fields.len(), 1); } Diff in /workspaces/QRD-SDK/core/qrd-core/src/metadata/column_stats.rs:677: .unwrap() .build() .unwrap(); [31m- (B[m[32m+ (B[m let mut rg_stats1 = RowGroupStats::new(&schema); rg_stats1.update_row(&vec![Some(10i64.to_le_bytes().to_vec())]); [31m- (B[m[32m+ (B[m let mut rg_stats2 = RowGroupStats::new(&schema); rg_stats2.update_row(&vec![Some(20i64.to_le_bytes().to_vec())]); [31m- (B[m[32m+ (B[m let row_group_stats = vec![rg_stats1, rg_stats2]; let filters = vec![ColumnFilterSpec { column_index: 0, Diff in /workspaces/QRD-SDK/core/qrd-core/src/metadata/column_stats.rs:690: filter: ColumnFilter::IsNotNull, }]; [31m- (B[m[32m+ (B[m let optimizer = QueryOptimizer::new(schema); let accessible = optimizer.optimize_access(&row_group_stats, &filters); assert_eq!(accessible.len(), 2); Diff in /workspaces/QRD-SDK/core/qrd-core/src/metadata/column_stats.rs:702: .unwrap() .build() .unwrap(); [31m- (B[m[32m+ (B[m let mut rg_stats1 = RowGroupStats::new(&schema); rg_stats1.update_row(&vec![Some(vec![25, 0, 0, 0])]); [31m- (B[m[32m+ (B[m let mut rg_stats2 = RowGroupStats::new(&schema); rg_stats2.update_row(&vec![Some(vec![100, 0, 0, 0])]); [31m- (B[m[32m+ (B[m let row_group_stats = vec![rg_stats1, rg_stats2]; let filters = vec![ColumnFilterSpec { column_index: 0, Diff in /workspaces/QRD-SDK/core/qrd-core/src/metadata/column_stats.rs:715: filter: ColumnFilter::GreaterThan(vec![50, 0, 0, 0]), }]; [31m- (B[m[32m+ (B[m let optimizer = QueryOptimizer::new(schema); let accessible = optimizer.optimize_access(&row_group_stats, &filters); assert_eq!(accessible.len(), 1); Diff in /workspaces/QRD-SDK/core/qrd-core/src/metadata/column_stats.rs:734: .unwrap() .build() .unwrap(); [31m- (B[m[32m+ (B[m let rg_stats = vec![RowGroupStats::new(&schema)]; let offsets = vec![32]; [31m- (B[m[32m+ (B[m let index = MetadataIndex::new(&schema, offsets, rg_stats); assert_eq!(index.column_indices.len(), 3); assert_eq!(index.row_group_offsets.len(), 1); Diff in /workspaces/QRD-SDK/core/qrd-core/src/metadata/column_stats.rs:752: .unwrap() .build() .unwrap(); [31m- (B[m[32m+ (B[m let rg_stats = vec![RowGroupStats::new(&schema)]; let index = MetadataIndex::new(&schema, vec![32], rg_stats); [31m- (B[m[32m+ (B[m assert_eq!(index.get_column_index("user_id"), Some(0)); assert_eq!(index.get_column_index("email"), Some(1)); assert_eq!(index.get_column_index("nonexistent"), None); Diff in /workspaces/QRD-SDK/core/qrd-core/src/metadata/column_stats.rs:768: .unwrap() .build() .unwrap(); [31m- (B[m[32m+ (B[m let mut rg_stats1 = RowGroupStats::new(&schema); rg_stats1.update_row(&vec![Some(b"active".to_vec())]); [31m- (B[m[32m+ (B[m let mut rg_stats2 = RowGroupStats::new(&schema); rg_stats2.update_row(&vec![Some(b"archived".to_vec())]); [31m- (B[m[32m+ (B[m let index = MetadataIndex::new(&schema, vec![32, 256], vec![rg_stats1, rg_stats2]); [31m- (B[m[32m+ (B[m let filters = vec![ColumnFilterSpec { column_index: 0, filter: ColumnFilter::IsNotNull, Diff in /workspaces/QRD-SDK/core/qrd-core/src/metadata/column_stats.rs:783: }]; [31m- (B[m[32m+ (B[m let accessible = index.get_accessible_row_groups(&filters); assert_eq!(accessible.len(), 2); } Diff in /workspaces/QRD-SDK/core/qrd-core/src/metadata/column_stats.rs:793: .unwrap() .build() .unwrap(); [31m- (B[m[32m+ (B[m let mut rg_stats = RowGroupStats::new(&schema); rg_stats.update_row(&vec![Some(10i64.to_le_bytes().to_vec())]); rg_stats.update_row(&vec![None]); Diff in /workspaces/QRD-SDK/core/qrd-core/src/metadata/column_stats.rs:800: rg_stats.update_row(&vec![Some(20i64.to_le_bytes().to_vec())]); [31m- (B[m[32m+ (B[m let index = MetadataIndex::new(&schema, vec![32], vec![rg_stats]); let col_stats = index.get_column_stats(0); [31m- (B[m[32m+ (B[m assert_eq!(col_stats.len(), 1); assert_eq!(col_stats[0].total_count, 3); assert_eq!(col_stats[0].null_count, 1); Diff in /workspaces/QRD-SDK/core/qrd-core/src/metadata/column_stats.rs:814: .unwrap() .build() .unwrap(); [31m- (B[m[32m+ (B[m let mut rg_stats = RowGroupStats::new(&schema); rg_stats.update_row(&vec![Some(3.14f64.to_le_bytes().to_vec())]); [31m- (B[m[32m+ (B[m let index = MetadataIndex::new(&schema, vec![32], vec![rg_stats.clone()]); let json = serde_json::to_string(&index).unwrap(); let deserialized: MetadataIndex = serde_json::from_str(&json).unwrap(); Diff in /workspaces/QRD-SDK/core/qrd-core/src/metadata/column_stats.rs:824: [31m- (B[m[31m- assert_eq!(deserialized.column_indices.len(), index.column_indices.len()); (B[m[32m+ (B[m[32m+ assert_eq!( (B[m[32m+ deserialized.column_indices.len(), (B[m[32m+ index.column_indices.len() (B[m[32m+ ); (B[m assert_eq!(deserialized.row_group_offsets, index.row_group_offsets); } Diff in /workspaces/QRD-SDK/core/qrd-core/src/metadata/column_stats.rs:831: let mut stats = ColumnStats::new("test".to_string(), FieldType::Int64); stats.update(Some(&[1, 2, 3, 4, 5, 6, 7, 8])); stats.update(Some(&[9, 10, 11, 12, 13, 14, 15, 16])); [31m- (B[m[32m+ (B[m let json1 = serde_json::to_string(&stats).unwrap(); let deserialized: ColumnStats = serde_json::from_str(&json1).unwrap(); let json2 = serde_json::to_string(&deserialized).unwrap(); Diff in /workspaces/QRD-SDK/core/qrd-core/src/metadata/column_stats.rs:838: [31m- (B[m[32m+ (B[m assert_eq!(json1, json2); } Diff in /workspaces/QRD-SDK/core/qrd-core/src/metadata/column_stats.rs:844: #[test] fn test_column_stats_overflow_edge_cases() { let mut stats = ColumnStats::new("overflow_test".to_string(), FieldType::Int64); [31m- (B[m[32m+ (B[m // Test with maximum u64 values for counts for _ in 0..u64::MAX / 2 { stats.update(Some(&[1, 0, 0, 0, 0, 0, 0, 0])); Diff in /workspaces/QRD-SDK/core/qrd-core/src/metadata/column_stats.rs:856: #[test] fn test_column_stats_mixed_null_non_null() { let mut stats = ColumnStats::new("mixed".to_string(), FieldType::String); [31m- (B[m[32m+ (B[m // Interleave nulls and values stats.update(Some(b"first".to_vec().as_slice())); stats.update(None); Diff in /workspaces/QRD-SDK/core/qrd-core/src/metadata/column_stats.rs:863: stats.update(Some(b"second".to_vec().as_slice())); stats.update(None); stats.update(Some(b"third".to_vec().as_slice())); [31m- (B[m[32m+ (B[m assert_eq!(stats.total_count, 5); assert_eq!(stats.null_count, 2); assert_eq!(stats.distinct_count, 3); Diff in /workspaces/QRD-SDK/core/qrd-core/src/metadata/column_stats.rs:874: #[test] fn test_column_stats_empty_column_stats() { let stats = ColumnStats::new("empty".to_string(), FieldType::Float32); [31m- (B[m[32m+ (B[m assert_eq!(stats.total_count, 0); assert_eq!(stats.null_count, 0); assert_eq!(stats.distinct_count, 0); Diff in /workspaces/QRD-SDK/core/qrd-core/src/metadata/column_stats.rs:894: fn test_column_stats_deterministic_updates() { let mut stats1 = ColumnStats::new("det1".to_string(), FieldType::Int32); let mut stats2 = ColumnStats::new("det2".to_string(), FieldType::Int32); [31m- (B[m[32m+ (B[m let values = vec![ Some(vec![1, 0, 0, 0]), None, Diff in /workspaces/QRD-SDK/core/qrd-core/src/metadata/column_stats.rs:901: Some(vec![3, 0, 0, 0]), Some(vec![2, 0, 0, 0]), ]; [31m- (B[m[32m+ (B[m for val in &values { stats1.update(val.as_ref().map(|v| v.as_slice())); } Diff in /workspaces/QRD-SDK/core/qrd-core/src/metadata/column_stats.rs:908: [31m- (B[m[32m+ (B[m for val in &values { stats2.update(val.as_ref().map(|v| v.as_slice())); } Diff in /workspaces/QRD-SDK/core/qrd-core/src/metadata/column_stats.rs:912: [31m- (B[m[32m+ (B[m assert_eq!(stats1.min_value, stats2.min_value); assert_eq!(stats1.max_value, stats2.max_value); assert_eq!(stats1.null_count, stats2.null_count); Diff in /workspaces/QRD-SDK/core/qrd-core/src/metadata/column_stats.rs:919: #[test] fn test_column_stats_large_values() { let mut stats = ColumnStats::new("large".to_string(), FieldType::Int64); [31m- (B[m[32m+ (B[m let large_val = i64::MAX.to_le_bytes().to_vec(); let small_val = i64::MIN.to_le_bytes().to_vec(); [31m- (B[m[32m+ (B[m stats.update(Some(&large_val)); stats.update(Some(&small_val)); [31m- (B[m[32m+ (B[m assert_eq!(stats.min_value, Some(small_val)); assert_eq!(stats.max_value, Some(large_val)); } Diff in /workspaces/QRD-SDK/core/qrd-core/src/metadata/column_stats.rs:933: #[test] fn test_column_stats_filter_edge_cases() { let mut stats = ColumnStats::new("edge".to_string(), FieldType::Int64); [31m- (B[m[32m+ (B[m // Single value let val = 42i64.to_le_bytes().to_vec(); stats.update(Some(&val)); Diff in /workspaces/QRD-SDK/core/qrd-core/src/metadata/column_stats.rs:940: [31m- (B[m[32m+ (B[m // Test filters on single value [31m- assert_eq!(stats.can_pass_filter(&ColumnFilter::Equal(val.clone())), FilterResult::MayPass); (B[m[31m- assert_eq!(stats.can_pass_filter(&ColumnFilter::NotEqual(vec![99, 0, 0, 0, 0, 0, 0, 0])), FilterResult::MayPass); (B[m[31m- assert_eq!(stats.can_pass_filter(&ColumnFilter::GreaterThan(vec![40, 0, 0, 0, 0, 0, 0, 0])), FilterResult::MayPass); (B[m[31m- assert_eq!(stats.can_pass_filter(&ColumnFilter::LessThan(vec![50, 0, 0, 0, 0, 0, 0, 0])), FilterResult::MayPass); (B[m[32m+ assert_eq!( (B[m[32m+ stats.can_pass_filter(&ColumnFilter::Equal(val.clone())), (B[m[32m+ FilterResult::MayPass (B[m[32m+ ); (B[m[32m+ assert_eq!( (B[m[32m+ stats.can_pass_filter(&ColumnFilter::NotEqual(vec![99, 0, 0, 0, 0, 0, 0, 0])), (B[m[32m+ FilterResult::MayPass (B[m[32m+ ); (B[m[32m+ assert_eq!( (B[m[32m+ stats.can_pass_filter(&ColumnFilter::GreaterThan(vec![40, 0, 0, 0, 0, 0, 0, 0])), (B[m[32m+ FilterResult::MayPass (B[m[32m+ ); (B[m[32m+ assert_eq!( (B[m[32m+ stats.can_pass_filter(&ColumnFilter::LessThan(vec![50, 0, 0, 0, 0, 0, 0, 0])), (B[m[32m+ FilterResult::MayPass (B[m[32m+ ); (B[m } } Diff in /workspaces/QRD-SDK/core/qrd-core/src/reader/mod.rs:864: assert_eq!(rows.len(), 1); assert_eq!(&rows[0], &[0, 0, 0, 0]); } [31m- (B[m } Diff in /workspaces/QRD-SDK/core/qrd-core/src/reader/partial_reader.rs:10: use crate::error::Result; use crate::footer::{Footer, FooterParser}; use crate::metadata::{ColumnFilterSpec, MetadataIndex}; [32m+use crate::prelude::{FieldType, FileWriter, Nullability, SchemaBuilder}; (B[m use crate::rowgroup::RowGroup; use crate::schema::Schema; [31m-use crate::prelude::{SchemaBuilder, FieldType, Nullability, FileWriter}; (B[m use std::io::{Read, Seek, SeekFrom}; /// Configuration for partial reads Diff in /workspaces/QRD-SDK/core/qrd-core/src/reader/partial_reader.rs:363: // Placeholder test assert!(true); } [31m- (B[m } Diff in /workspaces/QRD-SDK/core/qrd-core/src/schema/mod.rs:640: assert_eq!(id1, id2); } [31m- (B[m } Diff in /workspaces/QRD-SDK/core/qrd-core/src/writer/mod.rs:689: assert_eq!(reader.schema().fields.len(), 1); assert_eq!(reader.row_group_offsets().len(), 1); // Both rows should be in one row group } [31m- (B[m } Diff in /workspaces/QRD-SDK/core/qrd-core/src/writer/streaming_writer.rs:428: Ok(()) } [31m- (B[m } Diff in /workspaces/QRD-SDK/core/qrd-core/tests/additional_tests.rs:1: //! Additional small unit tests to reach target count [31m-use qrd_core::utils::varint; (B[m[31m-use qrd_core::schema::{SchemaBuilder, FieldType, Nullability}; (B[m use qrd_core::footer::Footer; [32m+use qrd_core::schema::{FieldType, Nullability, SchemaBuilder}; (B[m[32m+use qrd_core::utils::varint; (B[m #[test] fn test_varint_small_values() { Diff in /workspaces/QRD-SDK/core/qrd-core/tests/additional_tests.rs:13: let mut shift = 0u32; for b in enc.iter() { val |= ((b & 0x7F) as u64) << shift; [31m- if b & 0x80 == 0 { break; } (B[m[32m+ if b & 0x80 == 0 { (B[m[32m+ break; (B[m[32m+ } (B[m shift += 7; } assert_eq!(val, v); Diff in /workspaces/QRD-SDK/core/qrd-core/tests/additional_tests.rs:32: #[test] fn test_footer_metadata_index_none() { [31m- let schema = SchemaBuilder::new().add_field("a", FieldType::Int32, Nullability::Required).unwrap().build().unwrap(); (B[m[32m+ let schema = SchemaBuilder::new() (B[m[32m+ .add_field("a", FieldType::Int32, Nullability::Required) (B[m[32m+ .unwrap() (B[m[32m+ .build() (B[m[32m+ .unwrap(); (B[m let footer = Footer::new(schema, 42); let ser = footer.serialize().unwrap(); let deser = Footer::deserialize(&ser).unwrap(); Diff in /workspaces/QRD-SDK/core/qrd-core/tests/additional_tests.rs:41: #[test] fn test_footer_with_zero_rows() { [31m- let schema = SchemaBuilder::new().add_field("a", FieldType::Int32, Nullability::Required).unwrap().build().unwrap(); (B[m[32m+ let schema = SchemaBuilder::new() (B[m[32m+ .add_field("a", FieldType::Int32, Nullability::Required) (B[m[32m+ .unwrap() (B[m[32m+ .build() (B[m[32m+ .unwrap(); (B[m let footer = Footer::new(schema, 0); let ser = footer.serialize().unwrap(); let deser = Footer::deserialize(&ser).unwrap(); Diff in /workspaces/QRD-SDK/core/qrd-core/tests/additional_tests.rs:52: fn test_schema_many_fields() { let mut b = SchemaBuilder::new(); for i in 0..30 { [31m- b = b.add_field(&format!("col{}", i), FieldType::Int32, Nullability::Required).unwrap(); (B[m[32m+ b = b (B[m[32m+ .add_field( (B[m[32m+ &format!("col{}", i), (B[m[32m+ FieldType::Int32, (B[m[32m+ Nullability::Required, (B[m[32m+ ) (B[m[32m+ .unwrap(); (B[m } let s = b.build().unwrap(); assert_eq!(s.fields.len(), 30); Diff in /workspaces/QRD-SDK/core/qrd-core/tests/additional_tests.rs:63: let v = (1u64 << 20) + 12345; let enc = varint::encode(v); // decode similarly [31m- let mut val = 0u64; let mut shift = 0u32; (B[m[32m+ let mut val = 0u64; (B[m[32m+ let mut shift = 0u32; (B[m for b in enc.iter() { val |= ((b & 0x7F) as u64) << shift; [31m- if b & 0x80 == 0 { break; } (B[m[32m+ if b & 0x80 == 0 { (B[m[32m+ break; (B[m[32m+ } (B[m shift += 7; } assert_eq!(val, v); Diff in /workspaces/QRD-SDK/core/qrd-core/tests/additional_tests.rs:75: #[test] fn test_schema_optional_fields() { let s = SchemaBuilder::new() [31m- .add_field("o", FieldType::String, Nullability::Optional).unwrap() (B[m[31m- .add_field("r", FieldType::Int32, Nullability::Required).unwrap() (B[m[31m- .build().unwrap(); (B[m[32m+ .add_field("o", FieldType::String, Nullability::Optional) (B[m[32m+ .unwrap() (B[m[32m+ .add_field("r", FieldType::Int32, Nullability::Required) (B[m[32m+ .unwrap() (B[m[32m+ .build() (B[m[32m+ .unwrap(); (B[m assert_eq!(s.fields.len(), 2); } Diff in /workspaces/QRD-SDK/core/qrd-core/tests/additional_tests.rs:84: #[test] fn test_footer_checksum_zero_default() { [31m- let schema = SchemaBuilder::new().add_field("a", FieldType::Int32, Nullability::Required).unwrap().build().unwrap(); (B[m[32m+ let schema = SchemaBuilder::new() (B[m[32m+ .add_field("a", FieldType::Int32, Nullability::Required) (B[m[32m+ .unwrap() (B[m[32m+ .build() (B[m[32m+ .unwrap(); (B[m let f = Footer::new(schema, 5); assert_eq!(f.checksum, 0); } Diff in /workspaces/QRD-SDK/core/qrd-core/tests/additional_tests.rs:90: #[test] fn test_varint_encode_decode_roundtrip_random() { [31m- for &v in &[0u64, 1, 127, 128, 255, 1024, 65535, 1<<32] { (B[m[32m+ for &v in &[0u64, 1, 127, 128, 255, 1024, 65535, 1 << 32] { (B[m let enc = varint::encode(v); [31m- let mut val = 0u64; let mut shift = 0u32; (B[m[32m+ let mut val = 0u64; (B[m[32m+ let mut shift = 0u32; (B[m for b in enc.iter() { val |= ((b & 0x7F) as u64) << shift; [31m- if b & 0x80 == 0 { break; } (B[m[32m+ if b & 0x80 == 0 { (B[m[32m+ break; (B[m[32m+ } (B[m shift += 7; } assert_eq!(val, v); Diff in /workspaces/QRD-SDK/core/qrd-core/tests/additional_tests.rs:105: #[test] fn test_footer_roundtrip_with_metadata_index_none() { // sanity check repeated [31m- let schema = SchemaBuilder::new().add_field("x", FieldType::Blob, Nullability::Required).unwrap().build().unwrap(); (B[m[32m+ let schema = SchemaBuilder::new() (B[m[32m+ .add_field("x", FieldType::Blob, Nullability::Required) (B[m[32m+ .unwrap() (B[m[32m+ .build() (B[m[32m+ .unwrap(); (B[m let footer = Footer::new(schema, 7); let ser = footer.serialize().unwrap(); let deser = Footer::deserialize(&ser).unwrap(); Diff in /workspaces/QRD-SDK/core/qrd-core/tests/boundary_conditions_comprehensive_test.rs:7: //! - Schema validation boundaries use qrd_core::prelude::*; [31m-use qrd_core::writer::FileWriter; (B[m use qrd_core::reader::FileReader; use qrd_core::schema::{FieldType, Nullability, SchemaBuilder}; [31m-use tempfile::NamedTempFile; (B[m[32m+use qrd_core::writer::FileWriter; (B[m use std::fs::File; [32m+use tempfile::NamedTempFile; (B[m /// Test zero rows (empty file roundtrip) #[test] Diff in /workspaces/QRD-SDK/core/qrd-core/tests/boundary_conditions_comprehensive_test.rs:47: // Write 1000000 rows for i in 0..1_000_000 { [31m- writer.write_row(vec![ (B[m[31m- (i as i64).to_le_bytes().to_vec(), (B[m[31m- ]).unwrap(); (B[m[32m+ writer (B[m[32m+ .write_row(vec![(i as i64).to_le_bytes().to_vec()]) (B[m[32m+ .unwrap(); (B[m } writer.finish().unwrap(); Diff in /workspaces/QRD-SDK/core/qrd-core/tests/boundary_conditions_comprehensive_test.rs:62: #[test] fn test_boundary_many_columns() { let mut builder = SchemaBuilder::new(); [31m- (B[m[32m+ (B[m // Create schema with 256 columns (reasonable max) for i in 0..256 { builder = builder Diff in /workspaces/QRD-SDK/core/qrd-core/tests/boundary_conditions_comprehensive_test.rs:85: ) .unwrap(); } [31m- (B[m[32m+ (B[m let schema = builder.build().unwrap(); let temp = NamedTempFile::new().unwrap(); [31m- (B[m[32m+ (B[m let mut writer = FileWriter::new(temp.path(), schema.clone()).unwrap(); [31m- (B[m[32m+ (B[m let mut row = Vec::new(); for i in 0..256 { match i % 7 { Diff in /workspaces/QRD-SDK/core/qrd-core/tests/boundary_conditions_comprehensive_test.rs:103: _ => row.push(vec![i as u8; 10]), } } [31m- (B[m[32m+ (B[m writer.write_row(row).unwrap(); writer.finish().unwrap(); Diff in /workspaces/QRD-SDK/core/qrd-core/tests/boundary_conditions_comprehensive_test.rs:124: .unwrap(); let mut writer = FileWriter::new(temp.path(), schema).unwrap(); [31m- (B[m[32m+ (B[m // Write empty string [31m- writer.write_row(vec![ (B[m[31m- 1i64.to_le_bytes().to_vec(), (B[m[31m- b"".to_vec(), (B[m[31m- ]).unwrap(); (B[m[31m- (B[m[32m+ writer (B[m[32m+ .write_row(vec![1i64.to_le_bytes().to_vec(), b"".to_vec()]) (B[m[32m+ .unwrap(); (B[m[32m+ (B[m // Write real string [31m- writer.write_row(vec![ (B[m[31m- 2i64.to_le_bytes().to_vec(), (B[m[31m- b"test".to_vec(), (B[m[31m- ]).unwrap(); (B[m[31m- (B[m[32m+ writer (B[m[32m+ .write_row(vec![2i64.to_le_bytes().to_vec(), b"test".to_vec()]) (B[m[32m+ .unwrap(); (B[m[32m+ (B[m // Write empty string again [31m- writer.write_row(vec![ (B[m[31m- 3i64.to_le_bytes().to_vec(), (B[m[31m- b"".to_vec(), (B[m[31m- ]).unwrap(); (B[m[32m+ writer (B[m[32m+ .write_row(vec![3i64.to_le_bytes().to_vec(), b"".to_vec()]) (B[m[32m+ .unwrap(); (B[m writer.finish().unwrap(); Diff in /workspaces/QRD-SDK/core/qrd-core/tests/boundary_conditions_comprehensive_test.rs:162: .unwrap(); let mut writer = FileWriter::new(temp.path(), schema).unwrap(); [31m- (B[m[32m+ (B[m for i in 0..100 { [31m- writer.write_row(vec![ (B[m[31m- (i as i64).to_le_bytes().to_vec(), (B[m[31m- if i % 2 == 0 { (B[m[31m- vec![] // Empty blob (B[m[31m- } else { (B[m[31m- vec![0xFF; i] // Sized blob (B[m[31m- }, (B[m[31m- ]).unwrap(); (B[m[32m+ writer (B[m[32m+ .write_row(vec![ (B[m[32m+ (i as i64).to_le_bytes().to_vec(), (B[m[32m+ if i % 2 == 0 { (B[m[32m+ vec![] // Empty blob (B[m[32m+ } else { (B[m[32m+ vec![0xFF; i] // Sized blob (B[m[32m+ }, (B[m[32m+ ]) (B[m[32m+ .unwrap(); (B[m } writer.finish().unwrap(); Diff in /workspaces/QRD-SDK/core/qrd-core/tests/boundary_conditions_comprehensive_test.rs:193: .unwrap(); let mut writer = FileWriter::new(temp.path(), schema).unwrap(); [31m- (B[m[32m+ (B[m for i in 0..256 { [31m- writer.write_row(vec![ (B[m[31m- (i as i64).to_le_bytes().to_vec(), (B[m[31m- vec![i as u8], (B[m[31m- ]).unwrap(); (B[m[32m+ writer (B[m[32m+ .write_row(vec![(i as i64).to_le_bytes().to_vec(), vec![i as u8]]) (B[m[32m+ .unwrap(); (B[m } writer.finish().unwrap(); Diff in /workspaces/QRD-SDK/core/qrd-core/tests/boundary_conditions_comprehensive_test.rs:224: .unwrap(); let mut writer = FileWriter::new(temp.path(), schema).unwrap(); [31m- (B[m[31m- writer.write_row(vec![ (B[m[31m- i32::MIN.to_le_bytes().to_vec(), (B[m[31m- i32::MAX.to_le_bytes().to_vec(), (B[m[31m- i64::MIN.to_le_bytes().to_vec(), (B[m[31m- i64::MAX.to_le_bytes().to_vec(), (B[m[31m- ]).unwrap(); (B[m [32m+ writer (B[m[32m+ .write_row(vec![ (B[m[32m+ i32::MIN.to_le_bytes().to_vec(), (B[m[32m+ i32::MAX.to_le_bytes().to_vec(), (B[m[32m+ i64::MIN.to_le_bytes().to_vec(), (B[m[32m+ i64::MAX.to_le_bytes().to_vec(), (B[m[32m+ ]) (B[m[32m+ .unwrap(); (B[m[32m+ (B[m writer.finish().unwrap(); let reader = FileReader::new(temp.path()).unwrap(); Diff in /workspaces/QRD-SDK/core/qrd-core/tests/boundary_conditions_comprehensive_test.rs:243: fn test_boundary_float_extremes() { let temp = NamedTempFile::new().unwrap(); let schema = SchemaBuilder::new() [31m- .add_field("f32_min_positive", FieldType::Float32, Nullability::Required) (B[m[32m+ .add_field( (B[m[32m+ "f32_min_positive", (B[m[32m+ FieldType::Float32, (B[m[32m+ Nullability::Required, (B[m[32m+ ) (B[m .unwrap() .add_field("f32_max", FieldType::Float32, Nullability::Required) .unwrap() Diff in /workspaces/QRD-SDK/core/qrd-core/tests/boundary_conditions_comprehensive_test.rs:251: .unwrap() .add_field("f32_neg_inf", FieldType::Float32, Nullability::Required) .unwrap() [31m- .add_field("f64_min_positive", FieldType::Float64, Nullability::Required) (B[m[32m+ .add_field( (B[m[32m+ "f64_min_positive", (B[m[32m+ FieldType::Float64, (B[m[32m+ Nullability::Required, (B[m[32m+ ) (B[m .unwrap() .add_field("f64_max", FieldType::Float64, Nullability::Required) .unwrap() Diff in /workspaces/QRD-SDK/core/qrd-core/tests/boundary_conditions_comprehensive_test.rs:263: .unwrap(); let mut writer = FileWriter::new(temp.path(), schema).unwrap(); [31m- (B[m[31m- writer.write_row(vec![ (B[m[31m- f32::MIN_POSITIVE.to_le_bytes().to_vec(), (B[m[31m- f32::MAX.to_le_bytes().to_vec(), (B[m[31m- f32::INFINITY.to_le_bytes().to_vec(), (B[m[31m- f32::NEG_INFINITY.to_le_bytes().to_vec(), (B[m[31m- f64::MIN_POSITIVE.to_le_bytes().to_vec(), (B[m[31m- f64::MAX.to_le_bytes().to_vec(), (B[m[31m- f64::INFINITY.to_le_bytes().to_vec(), (B[m[31m- f64::NEG_INFINITY.to_le_bytes().to_vec(), (B[m[31m- ]).unwrap(); (B[m [32m+ writer (B[m[32m+ .write_row(vec![ (B[m[32m+ f32::MIN_POSITIVE.to_le_bytes().to_vec(), (B[m[32m+ f32::MAX.to_le_bytes().to_vec(), (B[m[32m+ f32::INFINITY.to_le_bytes().to_vec(), (B[m[32m+ f32::NEG_INFINITY.to_le_bytes().to_vec(), (B[m[32m+ f64::MIN_POSITIVE.to_le_bytes().to_vec(), (B[m[32m+ f64::MAX.to_le_bytes().to_vec(), (B[m[32m+ f64::INFINITY.to_le_bytes().to_vec(), (B[m[32m+ f64::NEG_INFINITY.to_le_bytes().to_vec(), (B[m[32m+ ]) (B[m[32m+ .unwrap(); (B[m[32m+ (B[m writer.finish().unwrap(); let reader = FileReader::new(temp.path()).unwrap(); Diff in /workspaces/QRD-SDK/core/qrd-core/tests/boundary_conditions_comprehensive_test.rs:298: .unwrap(); let mut writer = FileWriter::new(temp.path(), schema).unwrap(); [31m- (B[m[32m+ (B[m // All fields present [31m- writer.write_row(vec![ (B[m[31m- 1i64.to_le_bytes().to_vec(), (B[m[31m- 2i64.to_le_bytes().to_vec(), (B[m[31m- b"req".to_vec(), (B[m[31m- b"opt".to_vec(), (B[m[31m- ]).unwrap(); (B[m[31m- (B[m[32m+ writer (B[m[32m+ .write_row(vec![ (B[m[32m+ 1i64.to_le_bytes().to_vec(), (B[m[32m+ 2i64.to_le_bytes().to_vec(), (B[m[32m+ b"req".to_vec(), (B[m[32m+ b"opt".to_vec(), (B[m[32m+ ]) (B[m[32m+ .unwrap(); (B[m[32m+ (B[m // Optional fields null [31m- writer.write_row(vec![ (B[m[31m- 3i64.to_le_bytes().to_vec(), (B[m[31m- vec![], // NULL optional int (B[m[31m- b"req".to_vec(), (B[m[31m- vec![], // NULL optional string (B[m[31m- ]).unwrap(); (B[m[32m+ writer (B[m[32m+ .write_row(vec![ (B[m[32m+ 3i64.to_le_bytes().to_vec(), (B[m[32m+ vec![], // NULL optional int (B[m[32m+ b"req".to_vec(), (B[m[32m+ vec![], // NULL optional string (B[m[32m+ ]) (B[m[32m+ .unwrap(); (B[m writer.finish().unwrap(); Diff in /workspaces/QRD-SDK/core/qrd-core/tests/boundary_conditions_comprehensive_test.rs:338: .unwrap(); let mut writer = FileWriter::new(temp.path(), schema).unwrap(); [31m- (B[m[32m+ (B[m for i in 0..100 { [31m- writer.write_row(vec![ (B[m[31m- (i as i64).to_le_bytes().to_vec(), (B[m[31m- vec![], // NULL (B[m[31m- vec![], // NULL (B[m[31m- vec![], // NULL (B[m[31m- ]).unwrap(); (B[m[32m+ writer (B[m[32m+ .write_row(vec![ (B[m[32m+ (i as i64).to_le_bytes().to_vec(), (B[m[32m+ vec![], // NULL (B[m[32m+ vec![], // NULL (B[m[32m+ vec![], // NULL (B[m[32m+ ]) (B[m[32m+ .unwrap(); (B[m } writer.finish().unwrap(); Diff in /workspaces/QRD-SDK/core/qrd-core/tests/boundary_conditions_comprehensive_test.rs:367: .unwrap(); let mut writer = FileWriter::new(temp.path(), schema).unwrap(); [31m- (B[m[32m+ (B[m // Create strings of various lengths let sizes = vec![ [31m- 1, (B[m[31m- 10, (B[m[31m- 100, (B[m[31m- 1000, (B[m[31m- 10_000, (B[m[31m- 100_000, (B[m[31m- 1_000_000, // 1MB string (B[m[32m+ 1, 10, 100, 1000, 10_000, 100_000, 1_000_000, // 1MB string (B[m ]; [31m- (B[m[32m+ (B[m for (i, size) in sizes.iter().enumerate() { let string = vec![b'A'; *size]; [31m- writer.write_row(vec![ (B[m[31m- (i as i64).to_le_bytes().to_vec(), (B[m[31m- string, (B[m[31m- ]).unwrap(); (B[m[32m+ writer (B[m[32m+ .write_row(vec![(i as i64).to_le_bytes().to_vec(), string]) (B[m[32m+ .unwrap(); (B[m } writer.finish().unwrap(); Diff in /workspaces/QRD-SDK/core/qrd-core/tests/boundary_conditions_comprehensive_test.rs:404: .unwrap(); let mut writer = FileWriter::new(temp.path(), schema).unwrap(); [31m- (B[m[32m+ (B[m for i in 0..10 { [31m- writer.write_row(vec![ (B[m[31m- (i as i64).to_le_bytes().to_vec(), (B[m[31m- ]).unwrap(); (B[m[32m+ writer (B[m[32m+ .write_row(vec![(i as i64).to_le_bytes().to_vec()]) (B[m[32m+ .unwrap(); (B[m } writer.finish().unwrap(); Diff in /workspaces/QRD-SDK/core/qrd-core/tests/boundary_conditions_comprehensive_test.rs:440: .unwrap(); let mut writer = FileWriter::new(temp.path(), schema).unwrap(); [31m- (B[m[31m- writer.write_row(vec![ (B[m[31m- (-42i32).to_le_bytes().to_vec(), (B[m[31m- (1234567890i64).to_le_bytes().to_vec(), (B[m[31m- (3.14f32).to_le_bytes().to_vec(), (B[m[31m- (2.718f64).to_le_bytes().to_vec(), (B[m[31m- vec![1], // true (B[m[31m- b"test string".to_vec(), (B[m[31m- vec![0x00, 0x01, 0x02, 0xFF], (B[m[31m- ]).unwrap(); (B[m [32m+ writer (B[m[32m+ .write_row(vec![ (B[m[32m+ (-42i32).to_le_bytes().to_vec(), (B[m[32m+ (1234567890i64).to_le_bytes().to_vec(), (B[m[32m+ (3.14f32).to_le_bytes().to_vec(), (B[m[32m+ (2.718f64).to_le_bytes().to_vec(), (B[m[32m+ vec![1], // true (B[m[32m+ b"test string".to_vec(), (B[m[32m+ vec![0x00, 0x01, 0x02, 0xFF], (B[m[32m+ ]) (B[m[32m+ .unwrap(); (B[m[32m+ (B[m writer.finish().unwrap(); let reader = FileReader::new(temp.path()).unwrap(); Diff in /workspaces/QRD-SDK/core/qrd-core/tests/boundary_conditions_comprehensive_test.rs:474: let file = File::create(temp.path()).unwrap(); let mut writer = FileWriter::with_config(file, schema, config).unwrap(); [31m- (B[m[32m+ (B[m // Write exactly at row group boundaries for i in 0..300 { [31m- writer.write_row(vec![ (B[m[31m- (i as i64).to_le_bytes().to_vec(), (B[m[31m- ]).unwrap(); (B[m[32m+ writer (B[m[32m+ .write_row(vec![(i as i64).to_le_bytes().to_vec()]) (B[m[32m+ .unwrap(); (B[m } writer.finish().unwrap(); Diff in /workspaces/QRD-SDK/core/qrd-core/tests/boundary_conditions_comprehensive_test.rs:505: let file = File::create(temp.path()).unwrap(); let mut writer = FileWriter::with_config(file, schema, config).unwrap(); [31m- (B[m[32m+ (B[m // Write just below row group boundary for i in 0..99 { [31m- writer.write_row(vec![ (B[m[31m- (i as i64).to_le_bytes().to_vec(), (B[m[31m- ]).unwrap(); (B[m[32m+ writer (B[m[32m+ .write_row(vec![(i as i64).to_le_bytes().to_vec()]) (B[m[32m+ .unwrap(); (B[m } writer.finish().unwrap(); Diff in /workspaces/QRD-SDK/core/qrd-core/tests/boundary_conditions_comprehensive_test.rs:536: let file = File::create(temp.path()).unwrap(); let mut writer = FileWriter::with_config(file, schema, config).unwrap(); [31m- (B[m[32m+ (B[m // Write just above row group boundary for i in 0..101 { [31m- writer.write_row(vec![ (B[m[31m- (i as i64).to_le_bytes().to_vec(), (B[m[31m- ]).unwrap(); (B[m[32m+ writer (B[m[32m+ .write_row(vec![(i as i64).to_le_bytes().to_vec()]) (B[m[32m+ .unwrap(); (B[m } writer.finish().unwrap(); Diff in /workspaces/QRD-SDK/core/qrd-core/tests/compression_failure_test.rs:3: //! Tests various failure scenarios in compression/decompression //! to improve coverage of error handling paths [31m-use qrd_core::compression::{CompressionCodec, CompressionLevel, compress, decompress}; (B[m[32m+use qrd_core::compression::{compress, decompress, CompressionCodec, CompressionLevel}; (B[m use qrd_core::error::Result; /// Test decompression of corrupted zstd data Diff in /workspaces/QRD-SDK/core/qrd-core/tests/compression_failure_test.rs:28: #[test] fn test_decompress_truncated_zstd() { let data = b"this is test data for compression"; [31m- let compressed = compress(data, CompressionCodec::Zstd, CompressionLevel::default()) (B[m[31m- .unwrap(); (B[m[31m- (B[m[32m+ let compressed = compress(data, CompressionCodec::Zstd, CompressionLevel::default()).unwrap(); (B[m[32m+ (B[m // Truncate the compressed data let truncated = &compressed[0..compressed.len().saturating_sub(5)]; let result = decompress(truncated, CompressionCodec::Zstd); Diff in /workspaces/QRD-SDK/core/qrd-core/tests/compression_failure_test.rs:37: [31m- (B[m[32m+ (B[m // Should fail gracefully assert!(result.is_err()); } Diff in /workspaces/QRD-SDK/core/qrd-core/tests/compression_failure_test.rs:43: #[test] fn test_decompress_truncated_lz4() { let data = b"this is test data for compression"; [31m- let compressed = compress(data, CompressionCodec::Lz4, CompressionLevel::default()) (B[m[31m- .unwrap(); (B[m[31m- (B[m[32m+ let compressed = compress(data, CompressionCodec::Lz4, CompressionLevel::default()).unwrap(); (B[m[32m+ (B[m // Truncate the compressed data if compressed.len() > 5 { let truncated = &compressed[0..compressed.len() - 5]; Diff in /workspaces/QRD-SDK/core/qrd-core/tests/compression_failure_test.rs:58: #[test] fn test_decompress_invalid_codec_id() { let data = vec![0x01, 0x02, 0x03]; [31m- (B[m[32m+ (B[m // CompressionCodec::from_id() should return None for invalid IDs let invalid_ids = vec![3u8, 4, 5, 255]; [31m- (B[m[32m+ (B[m for id in invalid_ids { match CompressionCodec::from_id(id) { Some(_) => panic!("Should not recognize codec ID {}", id), Diff in /workspaces/QRD-SDK/core/qrd-core/tests/compression_failure_test.rs:76: #[test] fn test_compress_empty_data() { let data = b""; [31m- (B[m[31m- for codec in &[CompressionCodec::None, CompressionCodec::Zstd, CompressionCodec::Lz4] { (B[m[32m+ (B[m[32m+ for codec in &[ (B[m[32m+ CompressionCodec::None, (B[m[32m+ CompressionCodec::Zstd, (B[m[32m+ CompressionCodec::Lz4, (B[m[32m+ ] { (B[m let result = compress(data, *codec, CompressionLevel::default()); assert!(result.is_ok()); let compressed = result.unwrap(); Diff in /workspaces/QRD-SDK/core/qrd-core/tests/compression_failure_test.rs:84: [31m- (B[m[32m+ (B[m let decompressed = decompress(&compressed, *codec).unwrap(); assert_eq!(decompressed, data); } Diff in /workspaces/QRD-SDK/core/qrd-core/tests/compression_failure_test.rs:91: #[test] fn test_compress_all_levels() { let data = b"The quick brown fox jumps over the lazy dog. ".repeat(20); [31m- (B[m[32m+ (B[m for level in 0..=10 { let comp_level = CompressionLevel::new(level); let compressed = compress(&data, CompressionCodec::Zstd, comp_level).unwrap(); Diff in /workspaces/QRD-SDK/core/qrd-core/tests/compression_failure_test.rs:104: #[test] fn test_lz4_compression_level() { let data = b"Test data for LZ4 compression with different levels"; [31m- (B[m[32m+ (B[m for level in 0..=10 { let comp_level = CompressionLevel::new(level); let compressed = compress(data, CompressionCodec::Lz4, comp_level).unwrap(); Diff in /workspaces/QRD-SDK/core/qrd-core/tests/compression_failure_test.rs:116: /// Test compression with very large data #[test] fn test_compress_very_large_data() { [31m- let large_data = vec![0xAB; 100 * 1024 * 1024]; // 100MB of data (B[m[31m- (B[m[31m- for codec in &[CompressionCodec::None, CompressionCodec::Zstd, CompressionCodec::Lz4] { (B[m[32m+ let large_data = vec![0xAB; 100 * 1024 * 1024]; // 100MB of data (B[m[32m+ (B[m[32m+ for codec in &[ (B[m[32m+ CompressionCodec::None, (B[m[32m+ CompressionCodec::Zstd, (B[m[32m+ CompressionCodec::Lz4, (B[m[32m+ ] { (B[m let result = compress(&large_data, *codec, CompressionLevel::default()); [31m- (B[m[32m+ (B[m // Should not crash or OOM if let Ok(compressed) = result { let decompressed = decompress(&compressed, *codec).unwrap(); Diff in /workspaces/QRD-SDK/core/qrd-core/tests/compression_failure_test.rs:155: CompressionCodec::Zstd, CompressionCodec::Lz4, ]; [31m- (B[m[32m+ (B[m for codec in codecs { let id = codec.to_id(); let roundtrip = CompressionCodec::from_id(id); Diff in /workspaces/QRD-SDK/core/qrd-core/tests/compression_failure_test.rs:166: /// Test compression of highly repetitive data #[test] fn test_compress_repetitive_data() { [31m- let repetitive = vec![0x42; 10 * 1024 * 1024]; // 10MB of same byte (B[m[31m- (B[m[32m+ let repetitive = vec![0x42; 10 * 1024 * 1024]; // 10MB of same byte (B[m[32m+ (B[m for codec in &[CompressionCodec::Zstd, CompressionCodec::Lz4] { let compressed = compress(&repetitive, *codec, CompressionLevel::default()).unwrap(); [31m- (B[m[32m+ (B[m // Repetitive data should compress well let compression_ratio = compressed.len() as f64 / repetitive.len() as f64; [31m- assert!(compression_ratio < 0.5, "Repetitive data should compress to <50%"); (B[m[31m- (B[m[32m+ assert!( (B[m[32m+ compression_ratio < 0.5, (B[m[32m+ "Repetitive data should compress to <50%" (B[m[32m+ ); (B[m[32m+ (B[m let decompressed = decompress(&compressed, *codec).unwrap(); assert_eq!(decompressed, repetitive); } Diff in /workspaces/QRD-SDK/core/qrd-core/tests/compression_failure_test.rs:190: seed = seed.wrapping_mul(1103515245).wrapping_add(12345); data.push((seed >> 8) as u8); } [31m- (B[m[32m+ (B[m for codec in &[CompressionCodec::Zstd, CompressionCodec::Lz4] { let compressed = compress(&data, *codec, CompressionLevel::default()).unwrap(); let decompressed = decompress(&compressed, *codec).unwrap(); Diff in /workspaces/QRD-SDK/core/qrd-core/tests/compression_failure_test.rs:202: #[test] fn test_decompress_mismatched_codec() { let data = b"test data for compression"; [31m- (B[m[32m+ (B[m // Compress with ZSTD [31m- let zstd_compressed = compress(data, CompressionCodec::Zstd, CompressionLevel::default()) (B[m[31m- .unwrap(); (B[m[31m- (B[m[32m+ let zstd_compressed = (B[m[32m+ compress(data, CompressionCodec::Zstd, CompressionLevel::default()).unwrap(); (B[m[32m+ (B[m // Try to decompress with LZ4 - should fail let result = decompress(&zstd_compressed, CompressionCodec::Lz4); assert!(result.is_err()); Diff in /workspaces/QRD-SDK/core/qrd-core/tests/compression_failure_test.rs:216: #[test] fn test_compression_level_edge_cases() { let data = b"test data for compression level testing"; [31m- (B[m[32m+ (B[m // Level 0 (minimum) let level_0 = CompressionLevel::new(0); let compressed_0 = compress(data, CompressionCodec::Zstd, level_0).unwrap(); Diff in /workspaces/QRD-SDK/core/qrd-core/tests/compression_failure_test.rs:223: assert!(decompress(&compressed_0, CompressionCodec::Zstd).is_ok()); [31m- (B[m[32m+ (B[m // Level 10 (maximum) let level_10 = CompressionLevel::new(10); let compressed_10 = compress(data, CompressionCodec::Zstd, level_10).unwrap(); Diff in /workspaces/QRD-SDK/core/qrd-core/tests/compression_failure_test.rs:228: assert!(decompress(&compressed_10, CompressionCodec::Zstd).is_ok()); [31m- (B[m[32m+ (B[m // Level > 10 (should clamp to 10) let level_20 = CompressionLevel::new(20); let compressed_20 = compress(data, CompressionCodec::Zstd, level_20).unwrap(); Diff in /workspaces/QRD-SDK/core/qrd-core/tests/compression_failure_test.rs:236: /// Test decompression of data with null bytes #[test] fn test_compress_data_with_null_bytes() { [31m- let data = vec![0u8; 1000]; // All null bytes (B[m[31m- (B[m[32m+ let data = vec![0u8; 1000]; // All null bytes (B[m[32m+ (B[m for codec in &[CompressionCodec::Zstd, CompressionCodec::Lz4] { let compressed = compress(&data, *codec, CompressionLevel::default()).unwrap(); let decompressed = decompress(&compressed, *codec).unwrap(); Diff in /workspaces/QRD-SDK/core/qrd-core/tests/ecc_recovery_test.rs:5: //! - Data corruption and recovery patterns //! - Edge cases in ECC handling [31m-use qrd_core::prelude::*; (B[m[31m-use qrd_core::writer::{FileWriter, WriterConfig}; (B[m[31m-use qrd_core::reader::FileReader; (B[m use qrd_core::ecc::EccConfig; use qrd_core::encryption::EncryptionConfig; [32m+use qrd_core::prelude::*; (B[m[32m+use qrd_core::reader::FileReader; (B[m use qrd_core::schema::{FieldType, Nullability, SchemaBuilder}; [31m-use tempfile::NamedTempFile; (B[m[32m+use qrd_core::writer::{FileWriter, WriterConfig}; (B[m use std::fs::File; [32m+use tempfile::NamedTempFile; (B[m /// Test basic ECC configuration (4 data, 2 parity) #[test] Diff in /workspaces/QRD-SDK/core/qrd-core/tests/ecc_recovery_test.rs:35: let file = File::create(temp.path()).unwrap(); let mut writer = FileWriter::with_config(file, schema, config).unwrap(); [31m- (B[m[31m- writer.write_row(vec![ (B[m[31m- 1i64.to_le_bytes().to_vec(), (B[m[31m- b"data".to_vec(), (B[m[31m- ]).unwrap(); (B[m [32m+ writer (B[m[32m+ .write_row(vec![1i64.to_le_bytes().to_vec(), b"data".to_vec()]) (B[m[32m+ .unwrap(); (B[m[32m+ (B[m writer.finish().unwrap(); assert!(temp.path().exists()); } Diff in /workspaces/QRD-SDK/core/qrd-core/tests/ecc_recovery_test.rs:64: let file = File::create(temp.path()).unwrap(); let mut writer = FileWriter::with_config(file, schema, config).unwrap(); [31m- (B[m[31m- writer.write_row(vec![ (B[m[31m- 42i64.to_le_bytes().to_vec(), (B[m[31m- ]).unwrap(); (B[m [32m+ writer (B[m[32m+ .write_row(vec![42i64.to_le_bytes().to_vec()]) (B[m[32m+ .unwrap(); (B[m[32m+ (B[m writer.finish().unwrap(); assert!(temp.path().exists()); } Diff in /workspaces/QRD-SDK/core/qrd-core/tests/ecc_recovery_test.rs:94: let file = File::create(temp.path()).unwrap(); let mut writer = FileWriter::with_config(file, schema, config).unwrap(); [31m- (B[m[32m+ (B[m for i in 0..10 { [31m- writer.write_row(vec![ (B[m[31m- (i as i64).to_le_bytes().to_vec(), (B[m[31m- format!("data_{}", i).as_bytes().to_vec(), (B[m[31m- ]).unwrap(); (B[m[32m+ writer (B[m[32m+ .write_row(vec![ (B[m[32m+ (i as i64).to_le_bytes().to_vec(), (B[m[32m+ format!("data_{}", i).as_bytes().to_vec(), (B[m[32m+ ]) (B[m[32m+ .unwrap(); (B[m } writer.finish().unwrap(); Diff in /workspaces/QRD-SDK/core/qrd-core/tests/ecc_recovery_test.rs:134: let file = File::create(temp.path()).unwrap(); let mut writer = FileWriter::with_config(file, schema, config).unwrap(); [31m- (B[m[31m- writer.write_row(vec![ (B[m[31m- 123i64.to_le_bytes().to_vec(), (B[m[31m- ]).unwrap(); (B[m [32m+ writer (B[m[32m+ .write_row(vec![123i64.to_le_bytes().to_vec()]) (B[m[32m+ .unwrap(); (B[m[32m+ (B[m writer.finish().unwrap(); assert!(temp.path().exists()); } Diff in /workspaces/QRD-SDK/core/qrd-core/tests/ecc_recovery_test.rs:164: let file = File::create(temp.path()).unwrap(); let mut writer = FileWriter::with_config(file, schema, config).unwrap(); [31m- (B[m[31m- writer.write_row(vec![ (B[m[31m- 1i64.to_le_bytes().to_vec(), (B[m[31m- vec![0xFF; 1024], // 1KB blob (B[m[31m- ]).unwrap(); (B[m [32m+ writer (B[m[32m+ .write_row(vec![ (B[m[32m+ 1i64.to_le_bytes().to_vec(), (B[m[32m+ vec![0xFF; 1024], // 1KB blob (B[m[32m+ ]) (B[m[32m+ .unwrap(); (B[m[32m+ (B[m writer.finish().unwrap(); assert!(temp.path().exists()); } Diff in /workspaces/QRD-SDK/core/qrd-core/tests/ecc_recovery_test.rs:197: let file = File::create(temp.path()).unwrap(); let mut writer = FileWriter::with_config(file, schema, config).unwrap(); [31m- (B[m[31m- writer.write_row(vec![ (B[m[31m- 1i64.to_le_bytes().to_vec(), (B[m[31m- b"protected with ECC and encryption".to_vec(), (B[m[31m- ]).unwrap(); (B[m [32m+ writer (B[m[32m+ .write_row(vec![ (B[m[32m+ 1i64.to_le_bytes().to_vec(), (B[m[32m+ b"protected with ECC and encryption".to_vec(), (B[m[32m+ ]) (B[m[32m+ .unwrap(); (B[m[32m+ (B[m writer.finish().unwrap(); assert!(temp.path().exists()); } Diff in /workspaces/QRD-SDK/core/qrd-core/tests/ecc_recovery_test.rs:223: let config = WriterConfig { ecc, [31m- compression_level: 7, // High compression (B[m[32m+ compression_level: 7, // High compression (B[m ..Default::default() }; Diff in /workspaces/QRD-SDK/core/qrd-core/tests/ecc_recovery_test.rs:230: let file = File::create(temp.path()).unwrap(); let mut writer = FileWriter::with_config(file, schema, config).unwrap(); [31m- (B[m[32m+ (B[m // Compressible data for i in 0..50 { [31m- writer.write_row(vec![ (B[m[31m- (i as i64).to_le_bytes().to_vec(), (B[m[31m- b"AAAAAAAAAAAAAAAA".to_vec(), // Highly compressible (B[m[31m- ]).unwrap(); (B[m[32m+ writer (B[m[32m+ .write_row(vec![ (B[m[32m+ (i as i64).to_le_bytes().to_vec(), (B[m[32m+ b"AAAAAAAAAAAAAAAA".to_vec(), // Highly compressible (B[m[32m+ ]) (B[m[32m+ .unwrap(); (B[m } writer.finish().unwrap(); Diff in /workspaces/QRD-SDK/core/qrd-core/tests/ecc_recovery_test.rs:286: let file = File::create(temp.path()).unwrap(); let mut writer = FileWriter::with_config(file, schema, config).unwrap(); [31m- (B[m[31m- writer.write_row(vec![ (B[m[31m- 999i64.to_le_bytes().to_vec(), (B[m[31m- ]).unwrap(); (B[m [32m+ writer (B[m[32m+ .write_row(vec![999i64.to_le_bytes().to_vec()]) (B[m[32m+ .unwrap(); (B[m[32m+ (B[m writer.finish().unwrap(); let reader = FileReader::new(temp.path()).unwrap(); Diff in /workspaces/QRD-SDK/core/qrd-core/tests/ecc_recovery_test.rs:311: let config = WriterConfig { ecc, [31m- row_group_size: 10, // Small row groups (B[m[32m+ row_group_size: 10, // Small row groups (B[m ..Default::default() }; Diff in /workspaces/QRD-SDK/core/qrd-core/tests/ecc_recovery_test.rs:318: let file = File::create(temp.path()).unwrap(); let mut writer = FileWriter::with_config(file, schema, config).unwrap(); [31m- (B[m[32m+ (B[m // Write multiple row groups worth of data for i in 0..1000 { [31m- writer.write_row(vec![ (B[m[31m- (i as i64).to_le_bytes().to_vec(), (B[m[31m- ]).unwrap(); (B[m[32m+ writer (B[m[32m+ .write_row(vec![(i as i64).to_le_bytes().to_vec()]) (B[m[32m+ .unwrap(); (B[m } writer.finish().unwrap(); Diff in /workspaces/QRD-SDK/core/qrd-core/tests/ecc_recovery_test.rs:352: let file = File::create(temp.path()).unwrap(); let mut writer = FileWriter::with_config(file, schema, config).unwrap(); [31m- (B[m[32m+ (B[m // Write rows with varying string lengths let strings = vec![ b"a".to_vec(), Diff in /workspaces/QRD-SDK/core/qrd-core/tests/ecc_recovery_test.rs:362: b"a".repeat(1000), b"a".repeat(10000), ]; [31m- (B[m[32m+ (B[m for (i, s) in strings.iter().enumerate() { [31m- writer.write_row(vec![ (B[m[31m- (i as i64).to_le_bytes().to_vec(), (B[m[31m- s.clone(), (B[m[31m- ]).unwrap(); (B[m[32m+ writer (B[m[32m+ .write_row(vec![(i as i64).to_le_bytes().to_vec(), s.clone()]) (B[m[32m+ .unwrap(); (B[m } writer.finish().unwrap(); Diff in /workspaces/QRD-SDK/core/qrd-core/tests/ecc_recovery_test.rs:397: let file = File::create(temp.path()).unwrap(); let mut writer = FileWriter::with_config(file, schema, config).unwrap(); [31m- (B[m[32m+ (B[m // Mix of null and non-null values [31m- writer.write_row(vec![ (B[m[31m- 1i64.to_le_bytes().to_vec(), (B[m[31m- b"data".to_vec(), (B[m[31m- ]).unwrap(); (B[m[31m- (B[m[31m- writer.write_row(vec![ (B[m[31m- 2i64.to_le_bytes().to_vec(), (B[m[31m- vec![], // NULL (B[m[31m- ]).unwrap(); (B[m[31m- (B[m[31m- writer.write_row(vec![ (B[m[31m- 3i64.to_le_bytes().to_vec(), (B[m[31m- b"more data".to_vec(), (B[m[31m- ]).unwrap(); (B[m[32m+ writer (B[m[32m+ .write_row(vec![1i64.to_le_bytes().to_vec(), b"data".to_vec()]) (B[m[32m+ .unwrap(); (B[m [32m+ writer (B[m[32m+ .write_row(vec![ (B[m[32m+ 2i64.to_le_bytes().to_vec(), (B[m[32m+ vec![], // NULL (B[m[32m+ ]) (B[m[32m+ .unwrap(); (B[m[32m+ (B[m[32m+ writer (B[m[32m+ .write_row(vec![3i64.to_le_bytes().to_vec(), b"more data".to_vec()]) (B[m[32m+ .unwrap(); (B[m[32m+ (B[m writer.finish().unwrap(); let reader = FileReader::new(temp.path()).unwrap(); Diff in /workspaces/QRD-SDK/core/qrd-core/tests/ecc_recovery_test.rs:451: let file = File::create(temp.path()).unwrap(); let mut writer = FileWriter::with_config(file, schema, config).unwrap(); [31m- (B[m[31m- writer.write_row(vec![ (B[m[31m- 42i32.to_le_bytes().to_vec(), (B[m[31m- 100i64.to_le_bytes().to_vec(), (B[m[31m- (3.14f32).to_le_bytes().to_vec(), (B[m[31m- (2.71f64).to_le_bytes().to_vec(), (B[m[31m- vec![1], // true (B[m[31m- b"text".to_vec(), (B[m[31m- vec![1, 2, 3, 4, 5], (B[m[31m- ]).unwrap(); (B[m[32m+ (B[m[32m+ writer (B[m[32m+ .write_row(vec![ (B[m[32m+ 42i32.to_le_bytes().to_vec(), (B[m[32m+ 100i64.to_le_bytes().to_vec(), (B[m[32m+ (3.14f32).to_le_bytes().to_vec(), (B[m[32m+ (2.71f64).to_le_bytes().to_vec(), (B[m[32m+ vec![1], // true (B[m[32m+ b"text".to_vec(), (B[m[32m+ vec![1, 2, 3, 4, 5], (B[m[32m+ ]) (B[m[32m+ .unwrap(); (B[m writer.finish().unwrap(); Diff in /workspaces/QRD-SDK/core/qrd-core/tests/edge_cases_test.rs:1: //! Edge case tests for QRD Core //! Tests boundary conditions, extreme values, and special data patterns [31m-use qrd_core::prelude::*; (B[m use qrd_core::compression::CompressionCodec; use qrd_core::encoding::EncodingType; [32m+use qrd_core::prelude::*; (B[m[32m+use qrd_core::reader::FileReader; (B[m use qrd_core::schema::{FieldType, Nullability, SchemaBuilder}; use qrd_core::writer::FileWriter; [31m-use qrd_core::reader::FileReader; (B[m[31m-use tempfile::NamedTempFile; (B[m use std::io::Cursor; [32m+use tempfile::NamedTempFile; (B[m /// Test empty file creation #[test] Diff in /workspaces/QRD-SDK/core/qrd-core/tests/edge_cases_test.rs:39: .unwrap(); let mut writer = FileWriter::new(temp.path(), schema).unwrap(); [31m- writer.write_row(vec![(42i32).to_le_bytes().to_vec()]).unwrap(); (B[m[32m+ writer (B[m[32m+ .write_row(vec![(42i32).to_le_bytes().to_vec()]) (B[m[32m+ .unwrap(); (B[m writer.finish().unwrap(); let reader = FileReader::new(temp.path()).unwrap(); Diff in /workspaces/QRD-SDK/core/qrd-core/tests/edge_cases_test.rs:57: .unwrap(); let mut writer = FileWriter::new(temp.path(), schema).unwrap(); [31m- writer.write_row(vec![i64::MAX.to_le_bytes().to_vec()]).unwrap(); (B[m[31m- writer.write_row(vec![i64::MIN.to_le_bytes().to_vec()]).unwrap(); (B[m[32m+ writer (B[m[32m+ .write_row(vec![i64::MAX.to_le_bytes().to_vec()]) (B[m[32m+ .unwrap(); (B[m[32m+ writer (B[m[32m+ .write_row(vec![i64::MIN.to_le_bytes().to_vec()]) (B[m[32m+ .unwrap(); (B[m writer.write_row(vec![0i64.to_le_bytes().to_vec()]).unwrap(); writer.finish().unwrap(); Diff in /workspaces/QRD-SDK/core/qrd-core/tests/edge_cases_test.rs:102: let mut text_bytes = Vec::new(); text_bytes.extend_from_slice(&(large_text.len() as u32).to_le_bytes()); text_bytes.extend_from_slice(large_text.as_bytes()); [31m- (B[m[32m+ (B[m writer.write_row(vec![text_bytes]).unwrap(); writer.finish().unwrap(); Diff in /workspaces/QRD-SDK/core/qrd-core/tests/edge_cases_test.rs:121: .unwrap(); let mu
[...]
/qrd-core/src/utils/bit_ops.rs:147:13 | 147 | ... (64 - value.leading_zeros() as u8) | ^ ^ | = note: `#[warn(unused_parens)]` (part of `#[warn(unused)]`) on by default help: remove these parentheses | 147 - (64 - value.leading_zeros() as u8) 147 + 64 - value.leading_zeros() as u8 | warning: function `memcpy_simd` is never used --> core/qrd-core/src/utils/simd.rs:324:8 | 324 | fn memcpy_simd(dst: ... | ^^^^^^^^^^^ | = note: `#[warn(dead_code)]` (part of `#[warn(unused)]`) on by default warning: function `xor_simd` is never used --> core/qrd-core/src/utils/simd.rs:327:8 | 327 | fn xor_simd(dst: *mu... | ^^^^^^^^ warning: function `count_bytes_simd` is never used --> core/qrd-core/src/utils/simd.rs:330:8 | 330 | ...fn count_bytes_simd(da... | ^^^^^^^^^^^^^^^^ warning: function `delta_encode_i32_simd` is never used --> core/qrd-core/src/utils/simd.rs:333:8 | 333 | ...fn delta_encode_i32_simd(da... | ^^^^^^^^^^^^^^^^^^^^^ warning: function `delta_decode_i32_simd` is never used --> core/qrd-core/src/utils/simd.rs:336:8 | 336 | ...fn delta_decode_i32_simd(da... | ^^^^^^^^^^^^^^^^^^^^^ warning: function `memcpy_simd` is never used --> core/qrd-core/src/utils/simd.rs:412:12 | 412 | ...b fn memcpy_simd(dst:... | ^^^^^^^^^^^ warning: function `xor_simd` is never used --> core/qrd-core/src/utils/simd.rs:420:12 | 420 | pub fn xor_simd(dst:... | ^^^^^^^^ warning: function `count_bytes_simd` is never used --> core/qrd-core/src/utils/simd.rs:428:12 | 428 | ...fn count_bytes_simd(da... | ^^^^^^^^^^^^^^^^ warning: function `count_bytes_scalar` is never used --> core/qrd-core/src/utils/simd.rs:433:12 | 433 | ...fn count_bytes_scalar(da... | ^^^^^^^^^^^^^^^^^^ warning: function `delta_encode_i32_simd` is never used --> core/qrd-core/src/utils/simd.rs:438:12 | 438 | ...fn delta_encode_i32_simd(da... | ^^^^^^^^^^^^^^^^^^^^^ warning: function `delta_decode_i32_simd` is never used --> core/qrd-core/src/utils/simd.rs:453:12 | 453 | ...fn delta_decode_i32_simd(da... | ^^^^^^^^^^^^^^^^^^^^^ warning: missing documentation for a module --> core/qrd-core/src/utils/mod.rs:9:1 | 9 | pub mod simd; | ^^^^^^^^^^^^ | note: the lint level is defined here --> core/qrd-core/src/lib.rs:56:9 | 56 | #![warn(missing_docs, rus... | ^^^^^^^^^^^^ warning: `qrd-core` (lib) generated 15 warnings (run `cargo fix --lib -p qrd-core` to apply 3 suggestions) warning: unused import: `qrd_core::error::Error` --> core/qrd-core/tests/advanced_fuzzing_test.rs:8:5 | 8 | use qrd_core::error::Error; | ^^^^^^^^^^^^^^^^^^^^^^ | = note: `#[warn(unused_imports)]` (part of `#[warn(unused)]`) on by default warning: unused import: `qrd_core::validation::CorruptionDetector` --> core/qrd-core/tests/advanced_fuzzing_test.rs:9:5 | 9 | use qrd_core::validation::CorruptionDetector; | ^^^^^^^^^^^^^^^^^^^^^^^^^^^^^^^^^^^^^^^^ warning: variable does not need to be mutable --> core/qrd-core/tests/advanced_fuzzing_test.rs:51:9 | 51 | ...et mut ciphertext = en... | ----^^^^^^^^^^ | | | help: remove this `mut` | = note: `#[warn(unused_mut)]` (part of `#[warn(unused)]`) on by default Compiling qrd-core v0.1.0 (/workspaces/QRD-SDK/core/qrd-core) warning: `qrd-core` (test "advanced_fuzzing_test") generated 3 warnings (run `cargo fix --test "advanced_fuzzing_test" -p qrd-core` to apply 3 suggestions) warning: unused import: `qrd_core::error::Result` --> core/qrd-core/tests/encoding_tests.rs:4:5 | 4 | use qrd_core::error::Result; | ^^^^^^^^^^^^^^^^^^^^^^^ | = note: `#[warn(unused_imports)]` (part of `#[warn(unused)]`) on by default warning: `qrd-core` (test "encoding_tests") generated 1 warning (run `cargo fix --test "encoding_tests" -p qrd-core` to apply 1 suggestion) warning: unused variable: `validation_file` --> core/qrd-core/tests/cross_language_integration_test.rs:69:9 | 69 | ...et validation_file = ... | ^^^^^^^^^^^^^^^ help: if this is intentional, prefix it with an underscore: `_validation_file` | = note: `#[warn(unused_variables)]` (part of `#[warn(unused)]`) on by default warning: unused variable: `temp_dir` --> core/qrd-core/tests/cross_language_integration_test.rs:368:9 | 368 | ...et temp_dir = t... | ^^^^^^^^ help: if this is intentional, prefix it with an underscore: `_temp_dir` warning: `qrd-core` (test "cross_language_integration_test") generated 2 warnings (run `cargo fix --test "cross_language_integration_test" -p qrd-core` to apply 2 suggestions) warning: variable does not need to be mutable --> core/qrd-core/tests/partial_reads_test.rs:63:9 | 63 | let mut reader = Part... | ----^^^^^^ | | | help: remove this `mut` | = note: `#[warn(unused_mut)]` (part of `#[warn(unused)]`) on by default warning: unused variable: `metadata_index` --> core/qrd-core/tests/partial_reads_test.rs:70:9 | 70 | ...et metadata_index = re... | ^^^^^^^^^^^^^^ help: if this is intentional, prefix it with an underscore: `_metadata_index` | = note: `#[warn(unused_variables)]` (part of `#[warn(unused)]`) on by default warning: variable does not need to be mutable --> core/qrd-core/tests/partial_reads_test.rs:255:9 | 255 | let mut reader = Par... | ----^^^^^^ | | | help: remove this `mut` warning: `qrd-core` (test "partial_reads_test") generated 3 warnings (run `cargo fix --test "partial_reads_test" -p qrd-core` to apply 3 suggestions) warning: unused import: `qrd_core::prelude::*` --> core/qrd-core/tests/ecc_recovery_test.rs:8:5 | 8 | use qrd_core::prelude::*; | ^^^^^^^^^^^^^^^^^^^^ | = note: `#[warn(unused_imports)]` (part of `#[warn(unused)]`) on by default error[E0061]: this function takes 1 argument but 2 arguments were supplied --> core/qrd-core/tests/ecc_recovery_test.rs:29:15 | 29 | ... = EccConfig::new(4, 2).o... | ^^^^^^^^^^^^^^ - unexpected argument #2 of type `{integer}` | note: associated function defined here --> core/qrd-core/src/ecc/mod.rs:18:12 | 18 | pub fn new(pari... | ^^^ help: remove the extra argument | 29 - let ecc = EccConfig::new(4, 2).ok(); 29 + let ecc = EccConfig::new(4).ok(); | warning: unused import: `qrd_core::error::Result` --> core/qrd-core/tests/fuzz_test.rs:6:5 | 6 | use qrd_core::error::Result; | ^^^^^^^^^^^^^^^^^^^^^^^ | = note: `#[warn(unused_imports)]` (part of `#[warn(unused)]`) on by default warning: unused import: `FileReader` --> core/qrd-core/tests/fuzz_test.rs:8:24 | 8 | ...::{FileReader, Pa... | ^^^^^^^^^^ error[E0061]: this function takes 1 argument but 2 arguments were supplied --> core/qrd-core/tests/ecc_recovery_test.rs:58:15 | 58 | ... = EccConfig::new(2, 1).o... | ^^^^^^^^^^^^^^ - unexpected argument #2 of type `{integer}` | note: associated function defined here --> core/qrd-core/src/ecc/mod.rs:18:12 | 18 | pub fn new(pari... | ^^^ help: remove the extra argument | 58 - let ecc = EccConfig::new(2, 1).ok(); 58 + let ecc = EccConfig::new(2).ok(); | error[E0061]: this function takes 1 argument but 2 arguments were supplied --> core/qrd-core/tests/ecc_recovery_test.rs:88:15 | 88 | ... = EccConfig::new(8, 8).o... | ^^^^^^^^^^^^^^ - unexpected argument #2 of type `{integer}` | note: associated function defined here --> core/qrd-core/src/ecc/mod.rs:18:12 | 18 | pub fn new(pari... | ^^^ help: remove the extra argument | 88 - let ecc = EccConfig::new(8, 8).ok(); 88 + let ecc = EccConfig::new(8).ok(); | error[E0061]: this function takes 1 argument but 2 arguments were supplied --> core/qrd-core/tests/ecc_recovery_test.rs:112:15 | 112 | ... = EccConfig::new(4, 0); | ^^^^^^^^^^^^^^ - unexpected argument #2 of type `{integer}` | note: associated function defined here --> core/qrd-core/src/ecc/mod.rs:18:12 | 18 | pub fn new(par... | ^^^ help: remove the extra argument | 112 - let ecc = EccConfig::new(4, 0); 112 + let ecc = EccConfig::new(4); | error[E0061]: this function takes 1 argument but 2 arguments were supplied --> core/qrd-core/tests/ecc_recovery_test.rs:128:15 | 128 | ... = EccConfig::new(5, 5).o... | ^^^^^^^^^^^^^^ - unexpected argument #2 of type `{integer}` | note: associated function defined here --> core/qrd-core/src/ecc/mod.rs:18:12 | 18 | pub fn new(par... | ^^^ help: remove the extra argument | 128 - let ecc = EccConfig::new(5, 5).ok(); 128 + let ecc = EccConfig::new(5).ok(); | error[E0061]: this function takes 1 argument but 2 arguments were supplied --> core/qrd-core/tests/ecc_recovery_test.rs:158:15 | 158 | ... = EccConfig::new(32, 16).o... | ^^^^^^^^^^^^^^ -- unexpected argument #2 of type `{integer}` | note: associated function defined here --> core/qrd-core/src/ecc/mod.rs:18:12 | 18 | pub fn new(par... | ^^^ help: remove the extra argument | 158 - let ecc = EccConfig::new(32, 16).ok(); 158 + let ecc = EccConfig::new(32).ok(); | error[E0061]: this function takes 1 argument but 2 arguments were supplied --> core/qrd-core/tests/ecc_recovery_test.rs:189:15 | 189 | ... = EccConfig::new(4, 2).o... | ^^^^^^^^^^^^^^ - unexpected argument #2 of type `{integer}` | note: associated function defined here --> core/qrd-core/src/ecc/mod.rs:18:12 | 18 | pub fn new(par... | ^^^ help: remove the extra argument | 189 - let ecc = EccConfig::new(4, 2).ok(); 189 + let ecc = EccConfig::new(4).ok(); | warning: variable does not need to be mutable --> core/qrd-core/tests/fuzz_test.rs:66:9 | 66 | ...et mut row_group = ... | ----^^^^^^^^^ | | | help: remove this `mut` | = note: `#[warn(unused_mut)]` (part of `#[warn(unused)]`) on by default warning: unused variable: `schema` --> core/qrd-core/tests/fuzz_test.rs:60:9 | 60 | ...et schema = Sche... | ^^^^^^ help: if this is intentional, prefix it with an underscore: `_schema` | = note: `#[warn(unused_variables)]` (part of `#[warn(unused)]`) on by default warning: unused variable: `row_group` --> core/qrd-core/tests/fuzz_test.rs:66:9 | 66 | ...et mut row_group = ... | ^^^^^^^^^^^^^ help: if this is intentional, prefix it with an underscore: `_row_group` warning: variable does not need to be mutable --> core/qrd-core/tests/fuzz_test.rs:210:17 | 210 | ...et mut data = v... | ----^^^^ | | | help: remove this `mut` warning: variable does not need to be mutable --> core/qrd-core/tests/fuzz_test.rs:217:17 | 217 | ...et mut data = v... | ----^^^^ | | | help: remove this `mut` error[E0308]: mismatched types --> core/qrd-core/tests/ecc_recovery_test.rs:190:44 | 190 | ... = EncryptionConfig::new([77u8; 32]).o... | --------------------- ^^^^^^^^^^ expected `Vec<u8>`, found `[u8; 32]` | | | arguments to this function are incorrect | = note: expected struct `Vec<u8>` found array `[u8; 32]` note: associated function defined here --> core/qrd-core/src/encryption/mod.rs:24:12 | 24 | pub fn new(key... | ^^^ help: try using a conversion method | 190 | let encryption = EncryptionConfig::new([77u8; 32].to_vec()).ok(); | +++++++++ error[E0061]: this function takes 1 argument but 2 arguments were supplied --> core/qrd-core/tests/ecc_recovery_test.rs:222:15 | 222 | ... = EccConfig::new(6, 3).o... | ^^^^^^^^^^^^^^ - unexpected argument #2 of type `{integer}` | note: associated function defined here --> core/qrd-core/src/ecc/mod.rs:18:12 | 18 | pub fn new(par... | ^^^ help: remove the extra argument | 222 - let ecc = EccConfig::new(6, 3).ok(); 222 + let ecc = EccConfig::new(6).ok(); | error[E0061]: this function takes 1 argument but 2 arguments were supplied --> core/qrd-core/tests/ecc_recovery_test.rs:255:15 | 255 | ... = EccConfig::new(4, 2).o... | ^^^^^^^^^^^^^^ - unexpected argument #2 of type `{integer}` | note: associated function defined here --> core/qrd-core/src/ecc/mod.rs:18:12 | 18 | pub fn new(par... | ^^^ help: remove the extra argument | 255 - let ecc = EccConfig::new(4, 2).ok(); 255 + let ecc = EccConfig::new(4).ok(); | error[E0061]: this function takes 1 argument but 2 arguments were supplied --> core/qrd-core/tests/ecc_recovery_test.rs:280:15 | 280 | ... = EccConfig::new(4, 2).o... | ^^^^^^^^^^^^^^ - unexpected argument #2 of type `{integer}` | note: associated function defined here --> core/qrd-core/src/ecc/mod.rs:18:12 | 18 | pub fn new(par... | ^^^ help: remove the extra argument | 280 - let ecc = EccConfig::new(4, 2).ok(); 280 + let ecc = EccConfig::new(4).ok(); | error[E0061]: this function takes 1 argument but 2 arguments were supplied --> core/qrd-core/tests/ecc_recovery_test.rs:310:15 | 310 | ... = EccConfig::new(4, 2).o... | ^^^^^^^^^^^^^^ - unexpected argument #2 of type `{integer}` | note: associated function defined here --> core/qrd-core/src/ecc/mod.rs:18:12 | 18 | pub fn new(par... | ^^^ help: remove the extra argument | 310 - let ecc = EccConfig::new(4, 2).ok(); 310 + let ecc = EccConfig::new(4).ok(); | error[E0061]: this function takes 1 argument but 2 arguments were supplied --> core/qrd-core/tests/ecc_recovery_test.rs:346:15 | 346 | ... = EccConfig::new(4, 2).o... | ^^^^^^^^^^^^^^ - unexpected argument #2 of type `{integer}` | note: associated function defined here --> core/qrd-core/src/ecc/mod.rs:18:12 | 18 | pub fn new(par... | ^^^ help: remove the extra argument | 346 - let ecc = EccConfig::new(4, 2).ok(); 346 + let ecc = EccConfig::new(4).ok(); | error[E0061]: this function takes 1 argument but 2 arguments were supplied --> core/qrd-core/tests/ecc_recovery_test.rs:391:15 | 391 | ... = EccConfig::new(4, 2).o... | ^^^^^^^^^^^^^^ - unexpected argument #2 of type `{integer}` | note: associated function defined here --> core/qrd-core/src/ecc/mod.rs:18:12 | 18 | pub fn new(par... | ^^^ help: remove the extra argument | 391 - let ecc = EccConfig::new(4, 2).ok(); 391 + let ecc = EccConfig::new(4).ok(); | error[E0599]: no variant or associated item named `Bool` found for enum `FieldType` in the current scope --> core/qrd-core/tests/ecc_recovery_test.rs:436:43 | 436 | ...ype::Bool, Null... | ^^^^ variant or associated item not found in `FieldType` error[E0061]: this function takes 1 argument but 2 arguments were supplied --> core/qrd-core/tests/ecc_recovery_test.rs:445:15 | 445 | ... = EccConfig::new(4, 2).o... | ^^^^^^^^^^^^^^ - unexpected argument #2 of type `{integer}` | note: associated function defined here --> core/qrd-core/src/ecc/mod.rs:18:12 | 18 | pub fn new(par... | ^^^ help: remove the extra argument | 445 - let ecc = EccConfig::new(4, 2).ok(); 445 + let ecc = EccConfig::new(4).ok(); | Some errors have detailed explanations: E0061, E0308, E0599. For more information about an error, try `rustc --explain E0061`. warning: `qrd-core` (test "ecc_recovery_test") generated 1 warning error: could not compile `qrd-core` (test "ecc_recovery_test") due to 16 previous errors; 1 warning emitted warning: build failed, waiting for other jobs to finish... warning: `qrd-core` (test "fuzz_test") generated 7 warnings (run `cargo fix --test "fuzz_test" -p qrd-core` to apply 7 suggestions) [2026-05-11 14:31:58] [0;31m[FAIL][0m integration tests failed after 1778509918266s</failure>
  </testcase>
  <testcase classname="validation" name="deps" time="0.273">
  </testcase>
  <testcase classname="validation" name="ffi" time="0.267">
    <failure message="command failed">[2026-05-11 14:31:58] [0;36m[STEP][0m Running FFI validation /workspaces/QRD-SDK/scripts/checks/ffi.sh: line 20: get_timestamp: command not found warning: unused import: `crate::validation::Validator` --> core/qrd-core/src/footer/parser.rs:5:5 | 5 | use crate::validation::Validator; | ^^^^^^^^^^^^^^^^^^^^^^^^^^^^ | = note: `#[warn(unused_imports)]` (part of `#[warn(unused)]`) on by default warning: unused imports: `FieldType`, `FileWriter`, `Nullability`, and `SchemaBuilder` --> core/qrd-core/src/reader/partial_reader.rs:15:22 | 15 | ...::{SchemaBuilder, FieldType, Nullability, FileWriter}; | ^^^^^^^^^^^^^ ^^^^^^^^^ ^^^^^^^^^^^ ^^^^^^^^^^ warning: unnecessary parentheses around block return value --> core/qrd-core/src/utils/bit_ops.rs:147:13 | 147 | ... (64 - value.leading_zeros() as u8) | ^ ^ | = note: `#[warn(unused_parens)]` (part of `#[warn(unused)]`) on by default help: remove these parentheses | 147 - (64 - value.leading_zeros() as u8) 147 + 64 - value.leading_zeros() as u8 | warning: function `memcpy_simd` is never used --> core/qrd-core/src/utils/simd.rs:324:8 | 324 | fn memcpy_simd(dst: *mut u8, src: *... | ^^^^^^^^^^^ | = note: `#[warn(dead_code)]` (part of `#[warn(unused)]`) on by default warning: function `xor_simd` is never used --> core/qrd-core/src/utils/simd.rs:327:8 | 327 | fn xor_simd(dst: *mut u8, src: *con... | ^^^^^^^^ warning: function `count_bytes_simd` is never used --> core/qrd-core/src/utils/simd.rs:330:8 | 330 | fn count_bytes_simd(data: *const u8... | ^^^^^^^^^^^^^^^^ warning: function `delta_encode_i32_simd` is never used --> core/qrd-core/src/utils/simd.rs:333:8 | 333 | fn delta_encode_i32_simd(data: *con... | ^^^^^^^^^^^^^^^^^^^^^ warning: function `delta_decode_i32_simd` is never used --> core/qrd-core/src/utils/simd.rs:336:8 | 336 | fn delta_decode_i32_simd(data: *con... | ^^^^^^^^^^^^^^^^^^^^^ warning: function `memcpy_simd` is never used --> core/qrd-core/src/utils/simd.rs:412:12 | 412 | pub fn memcpy_simd(dst: &mut [u8], ... | ^^^^^^^^^^^ warning: function `xor_simd` is never used --> core/qrd-core/src/utils/simd.rs:420:12 | 420 | pub fn xor_simd(dst: &mut [u8], src... | ^^^^^^^^ warning: function `count_bytes_simd` is never used --> core/qrd-core/src/utils/simd.rs:428:12 | 428 | pub fn count_bytes_simd(data: &[u8]... | ^^^^^^^^^^^^^^^^ warning: function `count_bytes_scalar` is never used --> core/qrd-core/src/utils/simd.rs:433:12 | 433 | pub fn count_bytes_scalar(data: &[u... | ^^^^^^^^^^^^^^^^^^ warning: function `delta_encode_i32_simd` is never used --> core/qrd-core/src/utils/simd.rs:438:12 | 438 | pub fn delta_encode_i32_simd(data: ... | ^^^^^^^^^^^^^^^^^^^^^ warning: function `delta_decode_i32_simd` is never used --> core/qrd-core/src/utils/simd.rs:453:12 | 453 | pub fn delta_decode_i32_simd(data: ... | ^^^^^^^^^^^^^^^^^^^^^ warning: missing documentation for a module --> core/qrd-core/src/utils/mod.rs:9:1 | 9 | pub mod simd; | ^^^^^^^^^^^^ | note: the lint level is defined here --> core/qrd-core/src/lib.rs:56:9 | 56 | #![warn(missing_docs, rust_2018_idioms, ... | ^^^^^^^^^^^^ warning: `qrd-core` (lib) generated 15 warnings (run `cargo fix --lib -p qrd-core` to apply 3 suggestions) warning: unused doc comment --> core/qrd-ffi/src/lib.rs:507:1 | 507 | /// Thread-safe global error storage for last FFI error | ^^^^^^^^^^^^^^^^^^^^^^^^^^^^^^^^^^^^^^^^^^^^^^^^^^^^^^^ rustdoc does not generate documentation for macro invocations | = help: to document an item produced by a macro, the macro must produce the documentation as part of its expansion = note: `#[warn(unused_doc_comments)]` (part of `#[warn(unused)]`) on by default warning: unused import: `std::cell::RefCell` --> core/qrd-ffi/src/lib.rs:11:5 | 11 | use std::cell::RefCell; | ^^^^^^^^^^^^^^^^^^ | = note: `#[warn(unused_imports)]` (part of `#[warn(unused)]`) on by default warning: unused import: `std::rc::Rc` --> core/qrd-ffi/src/lib.rs:17:5 | 17 | use std::rc::Rc; | ^^^^^^^^^^^ warning: static `TEMP_FILE_COUNTER` is never used --> core/qrd-ffi/src/lib.rs:37:8 | 37 | static TEMP_FILE_COUNTER: AtomicUsize = ... | ^^^^^^^^^^^^^^^^^ | = note: `#[warn(dead_code)]` (part of `#[warn(unused)]`) on by default warning: function `temp_reader_path` is never used --> core/qrd-ffi/src/lib.rs:97:4 | 97 | fn temp_reader_path() -> PathBuf { | ^^^^^^^^^^^^^^^^ warning: function `field_type_from_ffi` is never used --> core/qrd-ffi/src/lib.rs:580:4 | 580 | fn field_type_from_ffi(value: i32) -> O... | ^^^^^^^^^^^^^^^^^^^ warning: function `nullability_from_ffi` is never used --> core/qrd-ffi/src/lib.rs:606:4 | 606 | fn nullability_from_ffi(value: i32) -> ... | ^^^^^^^^^^^^^^^^^^^^ warning: `qrd-ffi` (lib) generated 7 warnings (run `cargo fix --lib -p qrd-ffi` to apply 2 suggestions) Finished `release` profile [optimized] target(s) in 0.22s [2026-05-11 14:31:58] [0;32m[PASS][0m FFI build completed in 1778509918905s [2026-05-11 14:31:58] [0;31m[FAIL][0m FFI library not found: libqrd_ffi.so</failure>
  </testcase>
  <testcase classname="validation" name="wasm" time="0.019">
  </testcase>
  <testcase classname="validation" name="feature-flags" time="0.000">
    <skipped/>
  </testcase>
</testsuite>
